<?xml version="1.0" encoding="UTF-8"?>
<coverage generated="1767396331378" clover="3.2.0">
  <project timestamp="1767396331378" name="All files">
    <metrics statements="274" coveredstatements="262" conditionals="140" coveredconditionals="120" methods="60" coveredmethods="59" elements="474" coveredelements="441" complexity="0" loc="274" ncloc="274" packages="2" files="3" classes="3"/>
    <package name="main">
      <metrics statements="271" coveredstatements="259" conditionals="137" coveredconditionals="117" methods="58" coveredmethods="57"/>
      <file name="database.js" path="/Users/jenniferparsons/Engineering/Projects/tuuuuunes/src/main/database.js">
        <metrics statements="159" coveredstatements="150" conditionals="84" coveredconditionals="72" methods="36" coveredmethods="35"/>
        <line num="4" count="2" type="stmt"/>
        <line num="5" count="2" type="stmt"/>
        <line num="6" count="2" type="stmt"/>
        <line num="7" count="2" type="stmt"/>
        <line num="12" count="54" type="cond" truecount="1" falsecount="1"/>
        <line num="13" count="0" type="stmt"/>
        <line num="14" count="0" type="cond" truecount="0" falsecount="2"/>
        <line num="15" count="0" type="stmt"/>
        <line num="19" count="54" type="stmt"/>
        <line num="20" count="54" type="stmt"/>
        <line num="21" count="54" type="stmt"/>
        <line num="29" count="54" type="stmt"/>
        <line num="31" count="54" type="stmt"/>
        <line num="57" count="54" type="stmt"/>
        <line num="65" count="54" type="stmt"/>
        <line num="73" count="54" type="stmt"/>
        <line num="78" count="54" type="stmt"/>
        <line num="88" count="54" type="stmt"/>
        <line num="94" count="54" type="stmt"/>
        <line num="106" count="54" type="stmt"/>
        <line num="118" count="54" type="stmt"/>
        <line num="123" count="54" type="stmt"/>
        <line num="137" count="54" type="stmt"/>
        <line num="143" count="54" type="stmt"/>
        <line num="154" count="54" type="stmt"/>
        <line num="165" count="54" type="stmt"/>
        <line num="173" count="54" type="stmt"/>
        <line num="178" count="54" type="stmt"/>
        <line num="189" count="1138" type="stmt"/>
        <line num="205" count="1138" type="stmt"/>
        <line num="225" count="1136" type="stmt"/>
        <line num="234" count="8" type="stmt"/>
        <line num="235" count="8" type="stmt"/>
        <line num="244" count="5" type="stmt"/>
        <line num="245" count="5" type="stmt"/>
        <line num="246" count="5" type="stmt"/>
        <line num="248" count="5" type="cond" truecount="2" falsecount="0"/>
        <line num="249" count="1" type="stmt"/>
        <line num="250" count="1" type="stmt"/>
        <line num="253" count="5" type="cond" truecount="2" falsecount="0"/>
        <line num="254" count="2" type="stmt"/>
        <line num="255" count="2" type="stmt"/>
        <line num="258" count="5" type="cond" truecount="1" falsecount="1"/>
        <line num="259" count="0" type="stmt"/>
        <line num="260" count="0" type="stmt"/>
        <line num="263" count="5" type="cond" truecount="2" falsecount="0"/>
        <line num="264" count="3" type="stmt"/>
        <line num="268" count="5" type="cond" truecount="2" falsecount="0"/>
        <line num="269" count="5" type="cond" truecount="2" falsecount="0"/>
        <line num="270" count="5" type="stmt"/>
        <line num="272" count="5" type="stmt"/>
        <line num="273" count="5" type="stmt"/>
        <line num="283" count="2" type="stmt"/>
        <line num="284" count="2" type="stmt"/>
        <line num="286" count="2" type="stmt"/>
        <line num="292" count="2" type="stmt"/>
        <line num="293" count="18" type="cond" truecount="2" falsecount="0"/>
        <line num="294" count="3" type="stmt"/>
        <line num="295" count="3" type="stmt"/>
        <line num="299" count="2" type="cond" truecount="1" falsecount="1"/>
        <line num="300" count="0" type="stmt"/>
        <line num="303" count="2" type="stmt"/>
        <line num="304" count="2" type="stmt"/>
        <line num="305" count="2" type="stmt"/>
        <line num="307" count="2" type="stmt"/>
        <line num="316" count="2" type="stmt"/>
        <line num="317" count="2" type="stmt"/>
        <line num="318" count="2" type="stmt"/>
        <line num="330" count="26" type="stmt"/>
        <line num="331" count="26" type="stmt"/>
        <line num="333" count="26" type="cond" truecount="2" falsecount="0"/>
        <line num="334" count="2" type="stmt"/>
        <line num="338" count="24" type="stmt"/>
        <line num="339" count="24" type="stmt"/>
        <line num="340" count="24" type="stmt"/>
        <line num="349" count="7" type="cond" truecount="3" falsecount="1"/>
        <line num="351" count="7" type="stmt"/>
        <line num="352" count="7" type="stmt"/>
        <line num="353" count="14" type="stmt"/>
        <line num="354" count="14" type="stmt"/>
        <line num="358" count="14" type="stmt"/>
        <line num="362" count="7" type="stmt"/>
        <line num="371" count="6" type="stmt"/>
        <line num="378" count="10" type="stmt"/>
        <line num="386" count="1" type="stmt"/>
        <line num="387" count="1" type="stmt"/>
        <line num="395" count="1" type="stmt"/>
        <line num="396" count="1" type="stmt"/>
        <line num="407" count="12" type="stmt"/>
        <line num="412" count="12" type="stmt"/>
        <line num="418" count="12" type="stmt"/>
        <line num="427" count="4" type="stmt"/>
        <line num="428" count="4" type="stmt"/>
        <line num="436" count="1" type="stmt"/>
        <line num="437" count="1" type="stmt"/>
        <line num="447" count="1" type="stmt"/>
        <line num="448" count="1" type="stmt"/>
        <line num="450" count="1" type="stmt"/>
        <line num="452" count="1" type="stmt"/>
        <line num="453" count="3" type="cond" truecount="2" falsecount="0"/>
        <line num="454" count="2" type="stmt"/>
        <line num="455" count="2" type="stmt"/>
        <line num="459" count="1" type="cond" truecount="1" falsecount="1"/>
        <line num="460" count="0" type="stmt"/>
        <line num="463" count="1" type="stmt"/>
        <line num="464" count="1" type="stmt"/>
        <line num="465" count="1" type="stmt"/>
        <line num="467" count="1" type="stmt"/>
        <line num="476" count="2" type="stmt"/>
        <line num="477" count="2" type="stmt"/>
        <line num="478" count="2" type="stmt"/>
        <line num="487" count="5" type="cond" truecount="3" falsecount="1"/>
        <line num="489" count="5" type="stmt"/>
        <line num="491" count="5" type="stmt"/>
        <line num="496" count="5" type="stmt"/>
        <line num="498" count="5" type="stmt"/>
        <line num="503" count="5" type="stmt"/>
        <line num="504" count="10" type="stmt"/>
        <line num="505" count="10" type="stmt"/>
        <line num="509" count="5" type="stmt"/>
        <line num="518" count="3" type="stmt"/>
        <line num="525" count="3" type="stmt"/>
        <line num="535" count="1" type="stmt"/>
        <line num="539" count="1" type="stmt"/>
        <line num="540" count="1" type="stmt"/>
        <line num="551" count="9" type="stmt"/>
        <line num="555" count="9" type="cond" truecount="1" falsecount="1"/>
        <line num="557" count="9" type="cond" truecount="2" falsecount="0"/>
        <line num="558" count="1" type="stmt"/>
        <line num="561" count="8" type="stmt"/>
        <line num="566" count="8" type="stmt"/>
        <line num="574" count="8" type="stmt"/>
        <line num="582" count="2" type="stmt"/>
        <line num="583" count="2" type="stmt"/>
        <line num="591" count="0" type="stmt"/>
        <line num="601" count="0" type="stmt"/>
        <line num="611" count="1" type="stmt"/>
        <line num="613" count="1" type="stmt"/>
        <line num="614" count="1" type="stmt"/>
        <line num="616" count="1" type="stmt"/>
        <line num="617" count="1" type="stmt"/>
        <line num="619" count="1" type="stmt"/>
        <line num="620" count="1" type="stmt"/>
        <line num="622" count="1" type="stmt"/>
        <line num="623" count="1" type="stmt"/>
        <line num="625" count="1" type="stmt"/>
        <line num="632" count="54" type="stmt"/>
        <line num="640" count="8" type="stmt"/>
        <line num="641" count="8" type="stmt"/>
        <line num="642" count="8" type="cond" truecount="1" falsecount="1"/>
        <line num="651" count="4" type="stmt"/>
        <line num="653" count="4" type="cond" truecount="2" falsecount="0"/>
        <line num="654" count="1" type="stmt"/>
        <line num="657" count="3" type="stmt"/>
        <line num="658" count="3" type="stmt"/>
        <line num="661" count="3" type="stmt"/>
        <line num="662" count="3" type="stmt"/>
        <line num="665" count="3" type="stmt"/>
        <line num="669" count="2" type="stmt"/>
      </file>
      <file name="library-manager.js" path="/Users/jenniferparsons/Engineering/Projects/tuuuuunes/src/main/library-manager.js">
        <metrics statements="112" coveredstatements="109" conditionals="53" coveredconditionals="45" methods="22" coveredmethods="22"/>
        <line num="4" count="1" type="stmt"/>
        <line num="5" count="1" type="stmt"/>
        <line num="6" count="1" type="stmt"/>
        <line num="7" count="1" type="stmt"/>
        <line num="8" count="1" type="stmt"/>
        <line num="16" count="58" type="cond" truecount="2" falsecount="0"/>
        <line num="24" count="2" type="stmt"/>
        <line num="25" count="2" type="stmt"/>
        <line num="33" count="33" type="stmt"/>
        <line num="41" count="52" type="stmt"/>
        <line num="49" count="20" type="stmt"/>
        <line num="57" count="15" type="stmt"/>
        <line num="65" count="14" type="stmt"/>
        <line num="73" count="1" type="stmt"/>
        <line num="82" count="11" type="stmt"/>
        <line num="91" count="11" type="stmt"/>
        <line num="92" count="66" type="stmt"/>
        <line num="101" count="11" type="stmt"/>
        <line num="102" count="11" type="stmt"/>
        <line num="103" count="9" type="stmt"/>
        <line num="105" count="2" type="stmt"/>
        <line num="114" count="2" type="stmt"/>
        <line num="116" count="2" type="stmt"/>
        <line num="118" count="2" type="cond" truecount="1" falsecount="1"/>
        <line num="120" count="0" type="stmt"/>
        <line num="124" count="2" type="stmt"/>
        <line num="127" count="2" type="stmt"/>
        <line num="129" count="2" type="stmt"/>
        <line num="131" count="0" type="stmt"/>
        <line num="142" count="53" type="cond" truecount="5" falsecount="0"/>
        <line num="143" count="3" type="stmt"/>
        <line num="147" count="50" type="stmt"/>
        <line num="150" count="50" type="stmt"/>
        <line num="153" count="50" type="stmt"/>
        <line num="156" count="50" type="cond" truecount="1" falsecount="1"/>
        <line num="157" count="0" type="stmt"/>
        <line num="161" count="50" type="stmt"/>
        <line num="162" count="50" type="cond" truecount="2" falsecount="0"/>
        <line num="163" count="1" type="stmt"/>
        <line num="166" count="50" type="stmt"/>
        <line num="175" count="14" type="cond" truecount="3" falsecount="0"/>
        <line num="176" count="14" type="cond" truecount="2" falsecount="0"/>
        <line num="177" count="14" type="cond" truecount="2" falsecount="0"/>
        <line num="178" count="14" type="cond" truecount="2" falsecount="0"/>
        <line num="181" count="14" type="stmt"/>
        <line num="182" count="14" type="cond" truecount="2" falsecount="0"/>
        <line num="183" count="13" type="stmt"/>
        <line num="184" count="1" type="cond" truecount="1" falsecount="1"/>
        <line num="185" count="1" type="stmt"/>
        <line num="188" count="14" type="stmt"/>
        <line num="190" count="14" type="stmt"/>
        <line num="199" count="8" type="stmt"/>
        <line num="209" count="5" type="stmt"/>
        <line num="210" count="5" type="stmt"/>
        <line num="212" count="5" type="cond" truecount="2" falsecount="0"/>
        <line num="213" count="1" type="stmt"/>
        <line num="215" count="4" type="stmt"/>
        <line num="226" count="3" type="stmt"/>
        <line num="229" count="3" type="stmt"/>
        <line num="230" count="3" type="stmt"/>
        <line num="232" count="1" type="stmt"/>
        <line num="235" count="2" type="stmt"/>
        <line num="236" count="2" type="stmt"/>
        <line num="245" count="5" type="stmt"/>
        <line num="252" count="5" type="cond" truecount="2" falsecount="0"/>
        <line num="253" count="1" type="stmt"/>
        <line num="256" count="4" type="stmt"/>
        <line num="258" count="4" type="stmt"/>
        <line num="259" count="4" type="stmt"/>
        <line num="262" count="4" type="stmt"/>
        <line num="263" count="4" type="stmt"/>
        <line num="266" count="4" type="stmt"/>
        <line num="271" count="4" type="stmt"/>
        <line num="281" count="16" type="stmt"/>
        <line num="283" count="16" type="stmt"/>
        <line num="284" count="16" type="stmt"/>
        <line num="286" count="16" type="stmt"/>
        <line num="287" count="14" type="stmt"/>
        <line num="289" count="14" type="cond" truecount="2" falsecount="0"/>
        <line num="290" count="8" type="stmt"/>
        <line num="291" count="6" type="cond" truecount="1" falsecount="1"/>
        <line num="292" count="6" type="stmt"/>
        <line num="293" count="6" type="cond" truecount="1" falsecount="1"/>
        <line num="294" count="6" type="stmt"/>
        <line num="302" count="16" type="stmt"/>
        <line num="311" count="24" type="stmt"/>
        <line num="313" count="24" type="stmt"/>
        <line num="314" count="24" type="stmt"/>
        <line num="316" count="24" type="stmt"/>
        <line num="317" count="26" type="stmt"/>
        <line num="319" count="26" type="cond" truecount="2" falsecount="0"/>
        <line num="320" count="20" type="stmt"/>
        <line num="321" count="6" type="cond" truecount="1" falsecount="1"/>
        <line num="322" count="6" type="stmt"/>
        <line num="323" count="6" type="stmt"/>
        <line num="330" count="24" type="stmt"/>
        <line num="339" count="6" type="stmt"/>
        <line num="340" count="6" type="stmt"/>
        <line num="341" count="6" type="stmt"/>
        <line num="343" count="6" type="cond" truecount="2" falsecount="0"/>
        <line num="344" count="9" type="stmt"/>
        <line num="345" count="9" type="stmt"/>
        <line num="348" count="6" type="stmt"/>
        <line num="357" count="7" type="cond" truecount="4" falsecount="0"/>
        <line num="358" count="4" type="stmt"/>
        <line num="362" count="3" type="cond" truecount="2" falsecount="0"/>
        <line num="363" count="1" type="stmt"/>
        <line num="367" count="2" type="cond" truecount="2" falsecount="0"/>
        <line num="368" count="1" type="stmt"/>
        <line num="371" count="1" type="stmt"/>
        <line num="380" count="2" type="stmt"/>
        <line num="384" count="1" type="stmt"/>
      </file>
    </package>
    <package name="renderer.components">
      <metrics statements="3" coveredstatements="3" conditionals="3" coveredconditionals="3" methods="2" coveredmethods="2"/>
      <file name="Sidebar.jsx" path="/Users/jenniferparsons/Engineering/Projects/tuuuuunes/src/renderer/components/Sidebar.jsx">
        <metrics statements="3" coveredstatements="3" conditionals="3" coveredconditionals="3" methods="2" coveredmethods="2"/>
        <line num="6" count="1" type="cond" truecount="1" falsecount="0"/>
        <line num="7" count="4" type="stmt"/>
        <line num="22" count="2" type="stmt"/>
      </file>
    </package>
  </project>
</coverage>
