<?xml version="1.0" encoding="UTF-8"?>
<coverage generated="1768520675844" clover="3.2.0">
  <project timestamp="1768520675845" name="All files">
    <metrics statements="67" coveredstatements="59" conditionals="45" coveredconditionals="40" methods="31" coveredmethods="20" elements="143" coveredelements="119" complexity="0" loc="67" ncloc="67" packages="3" files="5" classes="5"/>
    <package name="renderer">
      <metrics statements="15" coveredstatements="14" conditionals="0" coveredconditionals="0" methods="6" coveredmethods="3"/>
      <file name="App.jsx" path="/Users/jenniferparsons/Engineering/Projects/tuuuuunes/src/renderer/App.jsx">
        <metrics statements="15" coveredstatements="14" conditionals="0" coveredconditionals="0" methods="6" coveredmethods="3"/>
        <line num="13" count="12" type="stmt"/>
        <line num="14" count="12" type="stmt"/>
        <line num="15" count="12" type="stmt"/>
        <line num="16" count="12" type="stmt"/>
        <line num="17" count="12" type="stmt"/>
        <line num="20" count="12" type="stmt"/>
        <line num="27" count="12" type="stmt"/>
        <line num="28" count="1" type="stmt"/>
        <line num="31" count="12" type="stmt"/>
        <line num="35" count="12" type="stmt"/>
        <line num="39" count="12" type="stmt"/>
        <line num="40" count="0" type="stmt"/>
        <line num="43" count="12" type="stmt"/>
        <line num="44" count="1" type="stmt"/>
        <line num="47" count="12" type="stmt"/>
      </file>
    </package>
    <package name="renderer.components">
      <metrics statements="33" coveredstatements="26" conditionals="43" coveredconditionals="38" methods="20" coveredmethods="12"/>
      <file name="MainContent.jsx" path="/Users/jenniferparsons/Engineering/Projects/tuuuuunes/src/renderer/components/MainContent.jsx">
        <metrics statements="11" coveredstatements="10" conditionals="4" coveredconditionals="3" methods="5" coveredmethods="5"/>
        <line num="10" count="23" type="stmt"/>
        <line num="27" count="5" type="stmt"/>
        <line num="44" count="5" type="stmt"/>
        <line num="61" count="33" type="stmt"/>
        <line num="63" count="33" type="stmt"/>
        <line num="64" count="33" type="cond" truecount="3" falsecount="1"/>
        <line num="66" count="23" type="stmt"/>
        <line num="68" count="5" type="stmt"/>
        <line num="70" count="5" type="stmt"/>
        <line num="72" count="0" type="stmt"/>
        <line num="76" count="33" type="stmt"/>
      </file>
      <file name="PlayerBar.jsx" path="/Users/jenniferparsons/Engineering/Projects/tuuuuunes/src/renderer/components/PlayerBar.jsx">
        <metrics statements="14" coveredstatements="10" conditionals="22" coveredconditionals="22" methods="9" coveredmethods="3"/>
        <line num="19" count="31" type="stmt"/>
        <line num="20" count="62" type="cond" truecount="4" falsecount="0"/>
        <line num="21" count="6" type="stmt"/>
        <line num="22" count="6" type="stmt"/>
        <line num="23" count="6" type="stmt"/>
        <line num="26" count="31" type="cond" truecount="2" falsecount="0"/>
        <line num="28" count="31" type="stmt"/>
        <line num="29" count="0" type="stmt"/>
        <line num="30" count="0" type="stmt"/>
        <line num="31" count="0" type="stmt"/>
        <line num="32" count="0" type="stmt"/>
        <line num="35" count="31" type="stmt"/>
        <line num="36" count="2" type="stmt"/>
        <line num="39" count="31" type="stmt"/>
      </file>
      <file name="Sidebar.jsx" path="/Users/jenniferparsons/Engineering/Projects/tuuuuunes/src/renderer/components/Sidebar.jsx">
        <metrics statements="8" coveredstatements="6" conditionals="17" coveredconditionals="13" methods="6" coveredmethods="4"/>
        <line num="8" count="3" type="cond" truecount="1" falsecount="0"/>
        <line num="9" count="50" type="stmt"/>
        <line num="11" count="50" type="stmt"/>
        <line num="21" count="0" type="cond" truecount="0" falsecount="2"/>
        <line num="33" count="1" type="cond" truecount="2" falsecount="0"/>
        <line num="48" count="75" type="stmt"/>
        <line num="51" count="8" type="stmt"/>
        <line num="54" count="0" type="cond" truecount="0" falsecount="2"/>
      </file>
    </package>
    <package name="renderer.contexts">
      <metrics statements="19" coveredstatements="19" conditionals="2" coveredconditionals="2" methods="5" coveredmethods="5"/>
      <file name="ViewContext.jsx" path="/Users/jenniferparsons/Engineering/Projects/tuuuuunes/src/renderer/contexts/ViewContext.jsx">
        <metrics statements="19" coveredstatements="19" conditionals="2" coveredconditionals="2" methods="5" coveredmethods="5"/>
        <line num="7" count="4" type="stmt"/>
        <line num="13" count="4" type="stmt"/>
        <line num="16" count="63" type="stmt"/>
        <line num="17" count="63" type="stmt"/>
        <line num="19" count="63" type="stmt"/>
        <line num="20" count="4" type="stmt"/>
        <line num="21" count="4" type="stmt"/>
        <line num="24" count="63" type="stmt"/>
        <line num="25" count="11" type="stmt"/>
        <line num="26" count="11" type="stmt"/>
        <line num="29" count="63" type="stmt"/>
        <line num="30" count="10" type="stmt"/>
        <line num="31" count="10" type="stmt"/>
        <line num="34" count="63" type="stmt"/>
        <line num="42" count="63" type="stmt"/>
        <line num="50" count="99" type="stmt"/>
        <line num="51" count="98" type="cond" truecount="2" falsecount="0"/>
        <line num="52" count="4" type="stmt"/>
        <line num="54" count="94" type="stmt"/>
      </file>
    </package>
  </project>
</coverage>
