{"/Users/jenniferparsons/Engineering/Projects/tuuuuunes/src/renderer/App.jsx": {"path":"/Users/jenniferparsons/Engineering/Projects/tuuuuunes/src/renderer/App.jsx","statementMap":{"0":{"start":{"line":13,"column":36},"end":{"line":13,"column":51}},"1":{"start":{"line":14,"column":42},"end":{"line":14,"column":56}},"2":{"start":{"line":15,"column":40},"end":{"line":15,"column":51}},"3":{"start":{"line":16,"column":34},"end":{"line":16,"column":45}},"4":{"start":{"line":17,"column":30},"end":{"line":17,"column":41}},"5":{"start":{"line":20,"column":22},"end":{"line":24,"column":4}},"6":{"start":{"line":27,"column":26},"end":{"line":29,"column":3}},"7":{"start":{"line":28,"column":4},"end":{"line":28,"column":29}},"8":{"start":{"line":31,"column":25},"end":{"line":33,"column":3}},"9":{"start":{"line":35,"column":21},"end":{"line":37,"column":3}},"10":{"start":{"line":39,"column":21},"end":{"line":41,"column":3}},"11":{"start":{"line":40,"column":4},"end":{"line":40,"column":25}},"12":{"start":{"line":43,"column":29},"end":{"line":45,"column":3}},"13":{"start":{"line":44,"column":4},"end":{"line":44,"column":25}},"14":{"start":{"line":47,"column":2},"end":{"line":68,"column":4}}},"fnMap":{"0":{"name":"App","decl":{"start":{"line":11,"column":9},"end":{"line":11,"column":12}},"loc":{"start":{"line":11,"column":15},"end":{"line":69,"column":1}},"line":11},"1":{"name":"(anonymous_1)","decl":{"start":{"line":27,"column":26},"end":{"line":27,"column":27}},"loc":{"start":{"line":27,"column":32},"end":{"line":29,"column":3}},"line":27},"2":{"name":"(anonymous_2)","decl":{"start":{"line":31,"column":25},"end":{"line":31,"column":26}},"loc":{"start":{"line":31,"column":31},"end":{"line":33,"column":3}},"line":31},"3":{"name":"(anonymous_3)","decl":{"start":{"line":35,"column":21},"end":{"line":35,"column":22}},"loc":{"start":{"line":35,"column":27},"end":{"line":37,"column":3}},"line":35},"4":{"name":"(anonymous_4)","decl":{"start":{"line":39,"column":21},"end":{"line":39,"column":22}},"loc":{"start":{"line":39,"column":31},"end":{"line":41,"column":3}},"line":39},"5":{"name":"(anonymous_5)","decl":{"start":{"line":43,"column":29},"end":{"line":43,"column":30}},"loc":{"start":{"line":43,"column":44},"end":{"line":45,"column":3}},"line":43}},"branchMap":{},"s":{"0":12,"1":12,"2":12,"3":12,"4":12,"5":12,"6":12,"7":1,"8":12,"9":12,"10":12,"11":0,"12":12,"13":1,"14":12},"f":{"0":12,"1":1,"2":0,"3":0,"4":0,"5":1},"b":{},"_coverageSchema":"1a1c01bbd47fc00a2c39e90264f33305004495a9","hash":"3b65b127c4eeb180f5c25e97c30a6b939c3aa630"}
,"/Users/jenniferparsons/Engineering/Projects/tuuuuunes/src/renderer/components/MainContent.jsx": {"path":"/Users/jenniferparsons/Engineering/Projects/tuuuuunes/src/renderer/components/MainContent.jsx","statementMap":{"0":{"start":{"line":10,"column":2},"end":{"line":23,"column":4}},"1":{"start":{"line":27,"column":2},"end":{"line":40,"column":4}},"2":{"start":{"line":44,"column":2},"end":{"line":57,"column":4}},"3":{"start":{"line":61,"column":46},"end":{"line":61,"column":55}},"4":{"start":{"line":63,"column":21},"end":{"line":74,"column":3}},"5":{"start":{"line":64,"column":4},"end":{"line":73,"column":5}},"6":{"start":{"line":66,"column":8},"end":{"line":66,"column":31}},"7":{"start":{"line":68,"column":8},"end":{"line":68,"column":30}},"8":{"start":{"line":70,"column":8},"end":{"line":70,"column":64}},"9":{"start":{"line":72,"column":8},"end":{"line":72,"column":31}},"10":{"start":{"line":76,"column":2},"end":{"line":80,"column":4}}},"fnMap":{"0":{"name":"LibraryView","decl":{"start":{"line":9,"column":9},"end":{"line":9,"column":20}},"loc":{"start":{"line":9,"column":23},"end":{"line":24,"column":1}},"line":9},"1":{"name":"AlbumsView","decl":{"start":{"line":26,"column":9},"end":{"line":26,"column":19}},"loc":{"start":{"line":26,"column":22},"end":{"line":41,"column":1}},"line":26},"2":{"name":"PlaylistView","decl":{"start":{"line":43,"column":9},"end":{"line":43,"column":21}},"loc":{"start":{"line":43,"column":38},"end":{"line":58,"column":1}},"line":43},"3":{"name":"MainContent","decl":{"start":{"line":60,"column":9},"end":{"line":60,"column":20}},"loc":{"start":{"line":60,"column":23},"end":{"line":81,"column":1}},"line":60},"4":{"name":"(anonymous_4)","decl":{"start":{"line":63,"column":21},"end":{"line":63,"column":22}},"loc":{"start":{"line":63,"column":27},"end":{"line":74,"column":3}},"line":63}},"branchMap":{"0":{"loc":{"start":{"line":64,"column":4},"end":{"line":73,"column":5}},"type":"switch","locations":[{"start":{"line":65,"column":6},"end":{"line":66,"column":31}},{"start":{"line":67,"column":6},"end":{"line":68,"column":30}},{"start":{"line":69,"column":6},"end":{"line":70,"column":64}},{"start":{"line":71,"column":6},"end":{"line":72,"column":31}}],"line":64}},"s":{"0":23,"1":5,"2":5,"3":33,"4":33,"5":33,"6":23,"7":5,"8":5,"9":0,"10":33},"f":{"0":23,"1":5,"2":5,"3":33,"4":33},"b":{"0":[23,5,5,0]},"_coverageSchema":"1a1c01bbd47fc00a2c39e90264f33305004495a9","hash":"988f50926f4f0cccd37d12fe5677f324d8a43850"}
,"/Users/jenniferparsons/Engineering/Projects/tuuuuunes/src/renderer/components/PlayerBar.jsx": {"path":"/Users/jenniferparsons/Engineering/Projects/tuuuuunes/src/renderer/components/PlayerBar.jsx","statementMap":{"0":{"start":{"line":19,"column":21},"end":{"line":24,"column":3}},"1":{"start":{"line":20,"column":4},"end":{"line":20,"column":54}},"2":{"start":{"line":20,"column":40},"end":{"line":20,"column":54}},"3":{"start":{"line":21,"column":17},"end":{"line":21,"column":41}},"4":{"start":{"line":22,"column":17},"end":{"line":22,"column":41}},"5":{"start":{"line":23,"column":4},"end":{"line":23,"column":57}},"6":{"start":{"line":26,"column":26},"end":{"line":26,"column":75}},"7":{"start":{"line":28,"column":30},"end":{"line":33,"column":3}},"8":{"start":{"line":29,"column":17},"end":{"line":29,"column":56}},"9":{"start":{"line":30,"column":20},"end":{"line":30,"column":56}},"10":{"start":{"line":31,"column":20},"end":{"line":31,"column":38}},"11":{"start":{"line":32,"column":4},"end":{"line":32,"column":20}},"12":{"start":{"line":35,"column":29},"end":{"line":37,"column":3}},"13":{"start":{"line":36,"column":4},"end":{"line":36,"column":47}},"14":{"start":{"line":39,"column":2},"end":{"line":137,"column":4}}},"fnMap":{"0":{"name":"PlayerBar","decl":{"start":{"line":7,"column":9},"end":{"line":7,"column":18}},"loc":{"start":{"line":18,"column":3},"end":{"line":138,"column":1}},"line":18},"1":{"name":"(anonymous_1)","decl":{"start":{"line":12,"column":16},"end":{"line":12,"column":17}},"loc":{"start":{"line":12,"column":22},"end":{"line":12,"column":24}},"line":12},"2":{"name":"(anonymous_2)","decl":{"start":{"line":13,"column":15},"end":{"line":13,"column":16}},"loc":{"start":{"line":13,"column":21},"end":{"line":13,"column":23}},"line":13},"3":{"name":"(anonymous_3)","decl":{"start":{"line":14,"column":11},"end":{"line":14,"column":12}},"loc":{"start":{"line":14,"column":17},"end":{"line":14,"column":19}},"line":14},"4":{"name":"(anonymous_4)","decl":{"start":{"line":15,"column":11},"end":{"line":15,"column":12}},"loc":{"start":{"line":15,"column":17},"end":{"line":15,"column":19}},"line":15},"5":{"name":"(anonymous_5)","decl":{"start":{"line":16,"column":19},"end":{"line":16,"column":20}},"loc":{"start":{"line":16,"column":25},"end":{"line":16,"column":27}},"line":16},"6":{"name":"(anonymous_6)","decl":{"start":{"line":19,"column":21},"end":{"line":19,"column":22}},"loc":{"start":{"line":19,"column":34},"end":{"line":24,"column":3}},"line":19},"7":{"name":"(anonymous_7)","decl":{"start":{"line":28,"column":30},"end":{"line":28,"column":31}},"loc":{"start":{"line":28,"column":37},"end":{"line":33,"column":3}},"line":28},"8":{"name":"(anonymous_8)","decl":{"start":{"line":35,"column":29},"end":{"line":35,"column":30}},"loc":{"start":{"line":35,"column":36},"end":{"line":37,"column":3}},"line":35}},"branchMap":{"0":{"loc":{"start":{"line":8,"column":2},"end":{"line":8,"column":19}},"type":"default-arg","locations":[{"start":{"line":8,"column":14},"end":{"line":8,"column":19}}],"line":8},"1":{"loc":{"start":{"line":9,"column":2},"end":{"line":9,"column":21}},"type":"default-arg","locations":[{"start":{"line":9,"column":17},"end":{"line":9,"column":21}}],"line":9},"2":{"loc":{"start":{"line":10,"column":2},"end":{"line":10,"column":17}},"type":"default-arg","locations":[{"start":{"line":10,"column":16},"end":{"line":10,"column":17}}],"line":10},"3":{"loc":{"start":{"line":11,"column":2},"end":{"line":11,"column":14}},"type":"default-arg","locations":[{"start":{"line":11,"column":13},"end":{"line":11,"column":14}}],"line":11},"4":{"loc":{"start":{"line":12,"column":2},"end":{"line":12,"column":24}},"type":"default-arg","locations":[{"start":{"line":12,"column":16},"end":{"line":12,"column":24}}],"line":12},"5":{"loc":{"start":{"line":13,"column":2},"end":{"line":13,"column":23}},"type":"default-arg","locations":[{"start":{"line":13,"column":15},"end":{"line":13,"column":23}}],"line":13},"6":{"loc":{"start":{"line":14,"column":2},"end":{"line":14,"column":19}},"type":"default-arg","locations":[{"start":{"line":14,"column":11},"end":{"line":14,"column":19}}],"line":14},"7":{"loc":{"start":{"line":15,"column":2},"end":{"line":15,"column":19}},"type":"default-arg","locations":[{"start":{"line":15,"column":11},"end":{"line":15,"column":19}}],"line":15},"8":{"loc":{"start":{"line":16,"column":2},"end":{"line":16,"column":27}},"type":"default-arg","locations":[{"start":{"line":16,"column":19},"end":{"line":16,"column":27}}],"line":16},"9":{"loc":{"start":{"line":17,"column":2},"end":{"line":17,"column":12}},"type":"default-arg","locations":[{"start":{"line":17,"column":11},"end":{"line":17,"column":12}}],"line":17},"10":{"loc":{"start":{"line":20,"column":4},"end":{"line":20,"column":54}},"type":"if","locations":[{"start":{"line":20,"column":4},"end":{"line":20,"column":54}},{"start":{},"end":{}}],"line":20},"11":{"loc":{"start":{"line":20,"column":8},"end":{"line":20,"column":38}},"type":"binary-expr","locations":[{"start":{"line":20,"column":8},"end":{"line":20,"column":16}},{"start":{"line":20,"column":20},"end":{"line":20,"column":38}}],"line":20},"12":{"loc":{"start":{"line":26,"column":26},"end":{"line":26,"column":75}},"type":"cond-expr","locations":[{"start":{"line":26,"column":41},"end":{"line":26,"column":71}},{"start":{"line":26,"column":74},"end":{"line":26,"column":75}}],"line":26},"13":{"loc":{"start":{"line":55,"column":22},"end":{"line":55,"column":50}},"type":"cond-expr","locations":[{"start":{"line":55,"column":34},"end":{"line":55,"column":41}},{"start":{"line":55,"column":44},"end":{"line":55,"column":50}}],"line":55},"14":{"loc":{"start":{"line":57,"column":11},"end":{"line":65,"column":11}},"type":"cond-expr","locations":[{"start":{"line":58,"column":12},"end":{"line":60,"column":18}},{"start":{"line":62,"column":12},"end":{"line":64,"column":18}}],"line":57},"15":{"loc":{"start":{"line":110,"column":9},"end":{"line":118,"column":9}},"type":"cond-expr","locations":[{"start":{"line":111,"column":10},"end":{"line":115,"column":13}},{"start":{"line":117,"column":10},"end":{"line":117,"column":73}}],"line":110}},"s":{"0":31,"1":62,"2":56,"3":6,"4":6,"5":6,"6":31,"7":31,"8":0,"9":0,"10":0,"11":0,"12":31,"13":2,"14":31},"f":{"0":31,"1":0,"2":0,"3":0,"4":0,"5":0,"6":62,"7":0,"8":2},"b":{"0":[17],"1":[16],"2":[14],"3":[14],"4":[18],"5":[18],"6":[18],"7":[19],"8":[18],"9":[18],"10":[56,6],"11":[62,6],"12":[3,28],"13":[2,29],"14":[2,29],"15":[2,29]},"_coverageSchema":"1a1c01bbd47fc00a2c39e90264f33305004495a9","hash":"c6b5366dee01c6de2e9304127c67ee494bd47850"}
,"/Users/jenniferparsons/Engineering/Projects/tuuuuunes/src/renderer/components/Sidebar.jsx": {"path":"/Users/jenniferparsons/Engineering/Projects/tuuuuunes/src/renderer/components/Sidebar.jsx","statementMap":{"0":{"start":{"line":8,"column":16},"end":{"line":69,"column":1}},"1":{"start":{"line":9,"column":103},"end":{"line":9,"column":112}},"2":{"start":{"line":11,"column":2},"end":{"line":68,"column":4}},"3":{"start":{"line":21,"column":30},"end":{"line":21,"column":70}},"4":{"start":{"line":33,"column":30},"end":{"line":33,"column":69}},"5":{"start":{"line":48,"column":14},"end":{"line":60,"column":19}},"6":{"start":{"line":51,"column":31},"end":{"line":51,"column":62}},"7":{"start":{"line":54,"column":34},"end":{"line":54,"column":86}}},"fnMap":{"0":{"name":"(anonymous_0)","decl":{"start":{"line":8,"column":16},"end":{"line":8,"column":17}},"loc":{"start":{"line":8,"column":40},"end":{"line":69,"column":1}},"line":8},"1":{"name":"(anonymous_1)","decl":{"start":{"line":21,"column":23},"end":{"line":21,"column":24}},"loc":{"start":{"line":21,"column":30},"end":{"line":21,"column":70}},"line":21},"2":{"name":"(anonymous_2)","decl":{"start":{"line":33,"column":23},"end":{"line":33,"column":24}},"loc":{"start":{"line":33,"column":30},"end":{"line":33,"column":69}},"line":33},"3":{"name":"(anonymous_3)","decl":{"start":{"line":47,"column":27},"end":{"line":47,"column":28}},"loc":{"start":{"line":48,"column":14},"end":{"line":60,"column":19}},"line":48},"4":{"name":"(anonymous_4)","decl":{"start":{"line":51,"column":25},"end":{"line":51,"column":26}},"loc":{"start":{"line":51,"column":31},"end":{"line":51,"column":62}},"line":51},"5":{"name":"(anonymous_5)","decl":{"start":{"line":54,"column":27},"end":{"line":54,"column":28}},"loc":{"start":{"line":54,"column":34},"end":{"line":54,"column":86}},"line":54}},"branchMap":{"0":{"loc":{"start":{"line":8,"column":19},"end":{"line":8,"column":33}},"type":"default-arg","locations":[{"start":{"line":8,"column":31},"end":{"line":8,"column":33}}],"line":8},"1":{"loc":{"start":{"line":17,"column":40},"end":{"line":17,"column":105}},"type":"cond-expr","locations":[{"start":{"line":17,"column":77},"end":{"line":17,"column":100}},{"start":{"line":17,"column":103},"end":{"line":17,"column":105}}],"line":17},"2":{"loc":{"start":{"line":21,"column":30},"end":{"line":21,"column":70}},"type":"binary-expr","locations":[{"start":{"line":21,"column":30},"end":{"line":21,"column":47}},{"start":{"line":21,"column":51},"end":{"line":21,"column":70}}],"line":21},"3":{"loc":{"start":{"line":29,"column":40},"end":{"line":29,"column":104}},"type":"cond-expr","locations":[{"start":{"line":29,"column":76},"end":{"line":29,"column":99}},{"start":{"line":29,"column":102},"end":{"line":29,"column":104}}],"line":29},"4":{"loc":{"start":{"line":33,"column":30},"end":{"line":33,"column":69}},"type":"binary-expr","locations":[{"start":{"line":33,"column":30},"end":{"line":33,"column":47}},{"start":{"line":33,"column":51},"end":{"line":33,"column":69}}],"line":33},"5":{"loc":{"start":{"line":45,"column":9},"end":{"line":65,"column":9}},"type":"cond-expr","locations":[{"start":{"line":46,"column":10},"end":{"line":62,"column":15}},{"start":{"line":64,"column":10},"end":{"line":64,"column":60}}],"line":45},"6":{"loc":{"start":{"line":50,"column":44},"end":{"line":50,"column":148}},"type":"cond-expr","locations":[{"start":{"line":50,"column":120},"end":{"line":50,"column":143}},{"start":{"line":50,"column":146},"end":{"line":50,"column":148}}],"line":50},"7":{"loc":{"start":{"line":50,"column":44},"end":{"line":50,"column":117}},"type":"binary-expr","locations":[{"start":{"line":50,"column":44},"end":{"line":50,"column":79}},{"start":{"line":50,"column":83},"end":{"line":50,"column":117}}],"line":50},"8":{"loc":{"start":{"line":54,"column":34},"end":{"line":54,"column":86}},"type":"binary-expr","locations":[{"start":{"line":54,"column":34},"end":{"line":54,"column":51}},{"start":{"line":54,"column":55},"end":{"line":54,"column":86}}],"line":54}},"s":{"0":3,"1":50,"2":50,"3":0,"4":1,"5":75,"6":8,"7":0},"f":{"0":50,"1":0,"2":1,"3":75,"4":8,"5":0},"b":{"0":[10],"1":[34,16],"2":[0,0],"3":[8,42],"4":[1,1],"5":[39,11],"6":[8,67],"7":[75,12],"8":[0,0]},"_coverageSchema":"1a1c01bbd47fc00a2c39e90264f33305004495a9","hash":"117a1e5d9277117446cb1ae74b47551768bb40a9"}
,"/Users/jenniferparsons/Engineering/Projects/tuuuuunes/src/renderer/contexts/ViewContext.jsx": {"path":"/Users/jenniferparsons/Engineering/Projects/tuuuuunes/src/renderer/contexts/ViewContext.jsx","statementMap":{"0":{"start":{"line":7,"column":26},"end":{"line":11,"column":1}},"1":{"start":{"line":13,"column":20},"end":{"line":13,"column":39}},"2":{"start":{"line":16,"column":40},"end":{"line":16,"column":68}},"3":{"start":{"line":17,"column":54},"end":{"line":17,"column":68}},"4":{"start":{"line":19,"column":28},"end":{"line":22,"column":8}},"5":{"start":{"line":20,"column":4},"end":{"line":20,"column":39}},"6":{"start":{"line":21,"column":4},"end":{"line":21,"column":32}},"7":{"start":{"line":24,"column":27},"end":{"line":27,"column":8}},"8":{"start":{"line":25,"column":4},"end":{"line":25,"column":38}},"9":{"start":{"line":26,"column":4},"end":{"line":26,"column":32}},"10":{"start":{"line":29,"column":29},"end":{"line":32,"column":8}},"11":{"start":{"line":30,"column":4},"end":{"line":30,"column":40}},"12":{"start":{"line":31,"column":4},"end":{"line":31,"column":38}},"13":{"start":{"line":34,"column":16},"end":{"line":40,"column":3}},"14":{"start":{"line":42,"column":2},"end":{"line":46,"column":4}},"15":{"start":{"line":50,"column":18},"end":{"line":50,"column":41}},"16":{"start":{"line":51,"column":2},"end":{"line":53,"column":3}},"17":{"start":{"line":52,"column":4},"end":{"line":52,"column":66}},"18":{"start":{"line":54,"column":2},"end":{"line":54,"column":17}}},"fnMap":{"0":{"name":"ViewProvider","decl":{"start":{"line":15,"column":16},"end":{"line":15,"column":28}},"loc":{"start":{"line":15,"column":43},"end":{"line":47,"column":1}},"line":15},"1":{"name":"(anonymous_1)","decl":{"start":{"line":19,"column":40},"end":{"line":19,"column":41}},"loc":{"start":{"line":19,"column":46},"end":{"line":22,"column":3}},"line":19},"2":{"name":"(anonymous_2)","decl":{"start":{"line":24,"column":39},"end":{"line":24,"column":40}},"loc":{"start":{"line":24,"column":45},"end":{"line":27,"column":3}},"line":24},"3":{"name":"(anonymous_3)","decl":{"start":{"line":29,"column":41},"end":{"line":29,"column":42}},"loc":{"start":{"line":29,"column":57},"end":{"line":32,"column":3}},"line":29},"4":{"name":"useView","decl":{"start":{"line":49,"column":16},"end":{"line":49,"column":23}},"loc":{"start":{"line":49,"column":26},"end":{"line":55,"column":1}},"line":49}},"branchMap":{"0":{"loc":{"start":{"line":51,"column":2},"end":{"line":53,"column":3}},"type":"if","locations":[{"start":{"line":51,"column":2},"end":{"line":53,"column":3}},{"start":{},"end":{}}],"line":51}},"s":{"0":4,"1":4,"2":63,"3":63,"4":63,"5":4,"6":4,"7":63,"8":11,"9":11,"10":63,"11":10,"12":10,"13":63,"14":63,"15":99,"16":98,"17":4,"18":94},"f":{"0":63,"1":4,"2":11,"3":10,"4":99},"b":{"0":[4,94]},"_coverageSchema":"1a1c01bbd47fc00a2c39e90264f33305004495a9","hash":"dbf81121cb82f2dc8b08cf51fdebdc7e05066768"}
}
