{"/Users/jenniferparsons/Engineering/Projects/tuuuuunes/src/main/database.js": {"path":"/Users/jenniferparsons/Engineering/Projects/tuuuuunes/src/main/database.js","statementMap":{"0":{"start":{"line":4,"column":17},"end":{"line":4,"column":42}},"1":{"start":{"line":5,"column":13},"end":{"line":5,"column":28}},"2":{"start":{"line":6,"column":11},"end":{"line":6,"column":24}},"3":{"start":{"line":7,"column":11},"end":{"line":7,"column":24}},"4":{"start":{"line":12,"column":4},"end":{"line":17,"column":5}},"5":{"start":{"line":13,"column":18},"end":{"line":13,"column":38}},"6":{"start":{"line":14,"column":6},"end":{"line":16,"column":7}},"7":{"start":{"line":15,"column":8},"end":{"line":15,"column":47}},"8":{"start":{"line":19,"column":4},"end":{"line":19,"column":35}},"9":{"start":{"line":20,"column":4},"end":{"line":20,"column":40}},"10":{"start":{"line":21,"column":4},"end":{"line":21,"column":41}},"11":{"start":{"line":29,"column":24},"end":{"line":176,"column":6}},"12":{"start":{"line":31,"column":6},"end":{"line":54,"column":9}},"13":{"start":{"line":57,"column":6},"end":{"line":62,"column":9}},"14":{"start":{"line":65,"column":6},"end":{"line":71,"column":9}},"15":{"start":{"line":73,"column":6},"end":{"line":75,"column":9}},"16":{"start":{"line":78,"column":6},"end":{"line":86,"column":9}},"17":{"start":{"line":88,"column":6},"end":{"line":91,"column":9}},"18":{"start":{"line":94,"column":6},"end":{"line":103,"column":9}},"19":{"start":{"line":106,"column":6},"end":{"line":116,"column":9}},"20":{"start":{"line":118,"column":6},"end":{"line":120,"column":9}},"21":{"start":{"line":123,"column":6},"end":{"line":135,"column":9}},"22":{"start":{"line":137,"column":6},"end":{"line":140,"column":9}},"23":{"start":{"line":143,"column":6},"end":{"line":151,"column":9}},"24":{"start":{"line":154,"column":6},"end":{"line":162,"column":9}},"25":{"start":{"line":165,"column":6},"end":{"line":170,"column":9}},"26":{"start":{"line":173,"column":6},"end":{"line":175,"column":9}},"27":{"start":{"line":178,"column":4},"end":{"line":178,"column":18}},"28":{"start":{"line":189,"column":17},"end":{"line":203,"column":6}},"29":{"start":{"line":205,"column":19},"end":{"line":223,"column":6}},"30":{"start":{"line":225,"column":4},"end":{"line":225,"column":48}},"31":{"start":{"line":234,"column":17},"end":{"line":234,"column":75}},"32":{"start":{"line":235,"column":4},"end":{"line":235,"column":29}},"33":{"start":{"line":244,"column":16},"end":{"line":244,"column":38}},"34":{"start":{"line":245,"column":23},"end":{"line":245,"column":25}},"35":{"start":{"line":246,"column":19},"end":{"line":246,"column":21}},"36":{"start":{"line":248,"column":4},"end":{"line":251,"column":5}},"37":{"start":{"line":249,"column":6},"end":{"line":249,"column":42}},"38":{"start":{"line":250,"column":6},"end":{"line":250,"column":37}},"39":{"start":{"line":253,"column":4},"end":{"line":256,"column":5}},"40":{"start":{"line":254,"column":6},"end":{"line":254,"column":40}},"41":{"start":{"line":255,"column":6},"end":{"line":255,"column":35}},"42":{"start":{"line":258,"column":4},"end":{"line":261,"column":5}},"43":{"start":{"line":259,"column":6},"end":{"line":259,"column":54}},"44":{"start":{"line":260,"column":6},"end":{"line":260,"column":49}},"45":{"start":{"line":263,"column":4},"end":{"line":265,"column":5}},"46":{"start":{"line":264,"column":6},"end":{"line":264,"column":52}},"47":{"start":{"line":268,"column":19},"end":{"line":268,"column":44}},"48":{"start":{"line":269,"column":22},"end":{"line":269,"column":48}},"49":{"start":{"line":270,"column":4},"end":{"line":270,"column":48}},"50":{"start":{"line":272,"column":17},"end":{"line":272,"column":39}},"51":{"start":{"line":273,"column":4},"end":{"line":273,"column":28}},"52":{"start":{"line":283,"column":19},"end":{"line":283,"column":21}},"53":{"start":{"line":284,"column":19},"end":{"line":284,"column":40}},"54":{"start":{"line":286,"column":26},"end":{"line":290,"column":5}},"55":{"start":{"line":292,"column":4},"end":{"line":297,"column":7}},"56":{"start":{"line":293,"column":6},"end":{"line":296,"column":7}},"57":{"start":{"line":294,"column":8},"end":{"line":294,"column":44}},"58":{"start":{"line":295,"column":8},"end":{"line":295,"column":39}},"59":{"start":{"line":299,"column":4},"end":{"line":301,"column":5}},"60":{"start":{"line":300,"column":6},"end":{"line":300,"column":28}},"61":{"start":{"line":303,"column":18},"end":{"line":303,"column":85}},"62":{"start":{"line":304,"column":17},"end":{"line":304,"column":39}},"63":{"start":{"line":305,"column":19},"end":{"line":305,"column":35}},"64":{"start":{"line":307,"column":4},"end":{"line":307,"column":39}},"65":{"start":{"line":316,"column":17},"end":{"line":316,"column":73}},"66":{"start":{"line":317,"column":19},"end":{"line":317,"column":36}},"67":{"start":{"line":318,"column":4},"end":{"line":318,"column":39}},"68":{"start":{"line":330,"column":20},"end":{"line":330,"column":81}},"69":{"start":{"line":331,"column":21},"end":{"line":331,"column":38}},"70":{"start":{"line":333,"column":4},"end":{"line":335,"column":5}},"71":{"start":{"line":334,"column":6},"end":{"line":334,"column":31}},"72":{"start":{"line":338,"column":23},"end":{"line":338,"column":78}},"73":{"start":{"line":339,"column":19},"end":{"line":339,"column":39}},"74":{"start":{"line":340,"column":4},"end":{"line":340,"column":34}},"75":{"start":{"line":349,"column":4},"end":{"line":349,"column":55}},"76":{"start":{"line":349,"column":48},"end":{"line":349,"column":55}},"77":{"start":{"line":351,"column":24},"end":{"line":360,"column":6}},"78":{"start":{"line":352,"column":6},"end":{"line":359,"column":9}},"79":{"start":{"line":353,"column":24},"end":{"line":353,"column":51}},"80":{"start":{"line":354,"column":21},"end":{"line":357,"column":10}},"81":{"start":{"line":358,"column":8},"end":{"line":358,"column":35}},"82":{"start":{"line":362,"column":4},"end":{"line":362,"column":18}},"83":{"start":{"line":371,"column":17},"end":{"line":377,"column":6}},"84":{"start":{"line":378,"column":4},"end":{"line":378,"column":50}},"85":{"start":{"line":378,"column":40},"end":{"line":378,"column":48}},"86":{"start":{"line":386,"column":17},"end":{"line":386,"column":79}},"87":{"start":{"line":387,"column":4},"end":{"line":387,"column":22}},"88":{"start":{"line":395,"column":17},"end":{"line":395,"column":70}},"89":{"start":{"line":396,"column":4},"end":{"line":396,"column":22}},"90":{"start":{"line":407,"column":17},"end":{"line":410,"column":6}},"91":{"start":{"line":412,"column":19},"end":{"line":416,"column":6}},"92":{"start":{"line":418,"column":4},"end":{"line":418,"column":51}},"93":{"start":{"line":427,"column":17},"end":{"line":427,"column":81}},"94":{"start":{"line":428,"column":4},"end":{"line":428,"column":32}},"95":{"start":{"line":436,"column":17},"end":{"line":436,"column":73}},"96":{"start":{"line":437,"column":4},"end":{"line":437,"column":22}},"97":{"start":{"line":447,"column":19},"end":{"line":447,"column":21}},"98":{"start":{"line":448,"column":19},"end":{"line":448,"column":46}},"99":{"start":{"line":450,"column":26},"end":{"line":450,"column":65}},"100":{"start":{"line":452,"column":4},"end":{"line":457,"column":7}},"101":{"start":{"line":453,"column":6},"end":{"line":456,"column":7}},"102":{"start":{"line":454,"column":8},"end":{"line":454,"column":44}},"103":{"start":{"line":455,"column":8},"end":{"line":455,"column":39}},"104":{"start":{"line":459,"column":4},"end":{"line":461,"column":5}},"105":{"start":{"line":460,"column":6},"end":{"line":460,"column":28}},"106":{"start":{"line":463,"column":18},"end":{"line":463,"column":94}},"107":{"start":{"line":464,"column":17},"end":{"line":464,"column":39}},"108":{"start":{"line":465,"column":19},"end":{"line":465,"column":35}},"109":{"start":{"line":467,"column":4},"end":{"line":467,"column":39}},"110":{"start":{"line":476,"column":17},"end":{"line":476,"column":79}},"111":{"start":{"line":477,"column":19},"end":{"line":477,"column":39}},"112":{"start":{"line":478,"column":4},"end":{"line":478,"column":39}},"113":{"start":{"line":487,"column":4},"end":{"line":487,"column":51}},"114":{"start":{"line":487,"column":44},"end":{"line":487,"column":51}},"115":{"start":{"line":489,"column":24},"end":{"line":507,"column":6}},"116":{"start":{"line":491,"column":25},"end":{"line":495,"column":8}},"117":{"start":{"line":496,"column":21},"end":{"line":496,"column":55}},"118":{"start":{"line":498,"column":25},"end":{"line":501,"column":8}},"119":{"start":{"line":503,"column":6},"end":{"line":506,"column":9}},"120":{"start":{"line":504,"column":8},"end":{"line":504,"column":19}},"121":{"start":{"line":505,"column":8},"end":{"line":505,"column":54}},"122":{"start":{"line":509,"column":4},"end":{"line":509,"column":18}},"123":{"start":{"line":518,"column":17},"end":{"line":524,"column":6}},"124":{"start":{"line":525,"column":4},"end":{"line":525,"column":32}},"125":{"start":{"line":535,"column":17},"end":{"line":538,"column":6}},"126":{"start":{"line":539,"column":19},"end":{"line":539,"column":48}},"127":{"start":{"line":540,"column":4},"end":{"line":540,"column":39}},"128":{"start":{"line":551,"column":20},"end":{"line":554,"column":6}},"129":{"start":{"line":555,"column":21},"end":{"line":555,"column":87}},"130":{"start":{"line":557,"column":4},"end":{"line":559,"column":5}},"131":{"start":{"line":558,"column":6},"end":{"line":558,"column":31}},"132":{"start":{"line":561,"column":23},"end":{"line":564,"column":6}},"133":{"start":{"line":566,"column":19},"end":{"line":572,"column":6}},"134":{"start":{"line":574,"column":4},"end":{"line":574,"column":34}},"135":{"start":{"line":582,"column":17},"end":{"line":582,"column":77}},"136":{"start":{"line":583,"column":4},"end":{"line":583,"column":22}},"137":{"start":{"line":591,"column":17},"end":{"line":600,"column":6}},"138":{"start":{"line":601,"column":4},"end":{"line":601,"column":40}},"139":{"start":{"line":611,"column":18},"end":{"line":611,"column":20}},"140":{"start":{"line":613,"column":23},"end":{"line":613,"column":84}},"141":{"start":{"line":614,"column":4},"end":{"line":614,"column":36}},"142":{"start":{"line":616,"column":23},"end":{"line":616,"column":84}},"143":{"start":{"line":617,"column":4},"end":{"line":617,"column":36}},"144":{"start":{"line":619,"column":26},"end":{"line":619,"column":90}},"145":{"start":{"line":620,"column":4},"end":{"line":620,"column":42}},"146":{"start":{"line":622,"column":23},"end":{"line":622,"column":84}},"147":{"start":{"line":623,"column":4},"end":{"line":623,"column":36}},"148":{"start":{"line":625,"column":4},"end":{"line":625,"column":17}},"149":{"start":{"line":632,"column":4},"end":{"line":632,"column":20}},"150":{"start":{"line":640,"column":17},"end":{"line":640,"column":86}},"151":{"start":{"line":641,"column":19},"end":{"line":641,"column":29}},"152":{"start":{"line":642,"column":4},"end":{"line":642,"column":31}},"153":{"start":{"line":651,"column":27},"end":{"line":651,"column":50}},"154":{"start":{"line":653,"column":4},"end":{"line":655,"column":5}},"155":{"start":{"line":654,"column":6},"end":{"line":654,"column":13}},"156":{"start":{"line":657,"column":24},"end":{"line":663,"column":6}},"157":{"start":{"line":658,"column":6},"end":{"line":658,"column":27}},"158":{"start":{"line":661,"column":19},"end":{"line":661,"column":85}},"159":{"start":{"line":662,"column":6},"end":{"line":662,"column":24}},"160":{"start":{"line":665,"column":4},"end":{"line":665,"column":18}},"161":{"start":{"line":669,"column":0},"end":{"line":669,"column":31}}},"fnMap":{"0":{"name":"(anonymous_0)","decl":{"start":{"line":10,"column":2},"end":{"line":10,"column":3}},"loc":{"start":{"line":10,"column":35},"end":{"line":22,"column":3}},"line":10},"1":{"name":"(anonymous_1)","decl":{"start":{"line":27,"column":2},"end":{"line":27,"column":3}},"loc":{"start":{"line":27,"column":15},"end":{"line":179,"column":3}},"line":27},"2":{"name":"(anonymous_2)","decl":{"start":{"line":29,"column":44},"end":{"line":29,"column":45}},"loc":{"start":{"line":29,"column":50},"end":{"line":176,"column":5}},"line":29},"3":{"name":"(anonymous_3)","decl":{"start":{"line":188,"column":2},"end":{"line":188,"column":3}},"loc":{"start":{"line":188,"column":21},"end":{"line":226,"column":3}},"line":188},"4":{"name":"(anonymous_4)","decl":{"start":{"line":233,"column":2},"end":{"line":233,"column":3}},"loc":{"start":{"line":233,"column":20},"end":{"line":236,"column":3}},"line":233},"5":{"name":"(anonymous_5)","decl":{"start":{"line":243,"column":2},"end":{"line":243,"column":3}},"loc":{"start":{"line":243,"column":26},"end":{"line":274,"column":3}},"line":243},"6":{"name":"(anonymous_6)","decl":{"start":{"line":282,"column":2},"end":{"line":282,"column":3}},"loc":{"start":{"line":282,"column":32},"end":{"line":308,"column":3}},"line":282},"7":{"name":"(anonymous_7)","decl":{"start":{"line":292,"column":26},"end":{"line":292,"column":27}},"loc":{"start":{"line":292,"column":35},"end":{"line":297,"column":5}},"line":292},"8":{"name":"(anonymous_8)","decl":{"start":{"line":315,"column":2},"end":{"line":315,"column":3}},"loc":{"start":{"line":315,"column":23},"end":{"line":319,"column":3}},"line":315},"9":{"name":"(anonymous_9)","decl":{"start":{"line":328,"column":2},"end":{"line":328,"column":3}},"loc":{"start":{"line":328,"column":25},"end":{"line":341,"column":3}},"line":328},"10":{"name":"(anonymous_10)","decl":{"start":{"line":348,"column":2},"end":{"line":348,"column":3}},"loc":{"start":{"line":348,"column":38},"end":{"line":363,"column":3}},"line":348},"11":{"name":"(anonymous_11)","decl":{"start":{"line":351,"column":44},"end":{"line":351,"column":45}},"loc":{"start":{"line":351,"column":50},"end":{"line":360,"column":5}},"line":351},"12":{"name":"(anonymous_12)","decl":{"start":{"line":352,"column":25},"end":{"line":352,"column":26}},"loc":{"start":{"line":352,"column":33},"end":{"line":359,"column":7}},"line":352},"13":{"name":"(anonymous_13)","decl":{"start":{"line":370,"column":2},"end":{"line":370,"column":3}},"loc":{"start":{"line":370,"column":26},"end":{"line":379,"column":3}},"line":370},"14":{"name":"(anonymous_14)","decl":{"start":{"line":378,"column":33},"end":{"line":378,"column":34}},"loc":{"start":{"line":378,"column":40},"end":{"line":378,"column":48}},"line":378},"15":{"name":"(anonymous_15)","decl":{"start":{"line":385,"column":2},"end":{"line":385,"column":3}},"loc":{"start":{"line":385,"column":28},"end":{"line":388,"column":3}},"line":385},"16":{"name":"(anonymous_16)","decl":{"start":{"line":394,"column":2},"end":{"line":394,"column":3}},"loc":{"start":{"line":394,"column":17},"end":{"line":397,"column":3}},"line":394},"17":{"name":"(anonymous_17)","decl":{"start":{"line":406,"column":2},"end":{"line":406,"column":3}},"loc":{"start":{"line":406,"column":27},"end":{"line":419,"column":3}},"line":406},"18":{"name":"(anonymous_18)","decl":{"start":{"line":426,"column":2},"end":{"line":426,"column":3}},"loc":{"start":{"line":426,"column":26},"end":{"line":429,"column":3}},"line":426},"19":{"name":"(anonymous_19)","decl":{"start":{"line":435,"column":2},"end":{"line":435,"column":3}},"loc":{"start":{"line":435,"column":20},"end":{"line":438,"column":3}},"line":435},"20":{"name":"(anonymous_20)","decl":{"start":{"line":446,"column":2},"end":{"line":446,"column":3}},"loc":{"start":{"line":446,"column":38},"end":{"line":468,"column":3}},"line":446},"21":{"name":"(anonymous_21)","decl":{"start":{"line":452,"column":26},"end":{"line":452,"column":27}},"loc":{"start":{"line":452,"column":35},"end":{"line":457,"column":5}},"line":452},"22":{"name":"(anonymous_22)","decl":{"start":{"line":475,"column":2},"end":{"line":475,"column":3}},"loc":{"start":{"line":475,"column":29},"end":{"line":479,"column":3}},"line":475},"23":{"name":"(anonymous_23)","decl":{"start":{"line":486,"column":2},"end":{"line":486,"column":3}},"loc":{"start":{"line":486,"column":44},"end":{"line":510,"column":3}},"line":486},"24":{"name":"(anonymous_24)","decl":{"start":{"line":489,"column":44},"end":{"line":489,"column":45}},"loc":{"start":{"line":489,"column":50},"end":{"line":507,"column":5}},"line":489},"25":{"name":"(anonymous_25)","decl":{"start":{"line":503,"column":23},"end":{"line":503,"column":24}},"loc":{"start":{"line":503,"column":34},"end":{"line":506,"column":7}},"line":503},"26":{"name":"(anonymous_26)","decl":{"start":{"line":517,"column":2},"end":{"line":517,"column":3}},"loc":{"start":{"line":517,"column":32},"end":{"line":526,"column":3}},"line":517},"27":{"name":"(anonymous_27)","decl":{"start":{"line":534,"column":2},"end":{"line":534,"column":3}},"loc":{"start":{"line":534,"column":47},"end":{"line":541,"column":3}},"line":534},"28":{"name":"(anonymous_28)","decl":{"start":{"line":550,"column":2},"end":{"line":550,"column":3}},"loc":{"start":{"line":550,"column":30},"end":{"line":575,"column":3}},"line":550},"29":{"name":"(anonymous_29)","decl":{"start":{"line":581,"column":2},"end":{"line":581,"column":3}},"loc":{"start":{"line":581,"column":17},"end":{"line":584,"column":3}},"line":581},"30":{"name":"(anonymous_30)","decl":{"start":{"line":590,"column":2},"end":{"line":590,"column":3}},"loc":{"start":{"line":590,"column":33},"end":{"line":602,"column":3}},"line":590},"31":{"name":"(anonymous_31)","decl":{"start":{"line":610,"column":2},"end":{"line":610,"column":3}},"loc":{"start":{"line":610,"column":13},"end":{"line":626,"column":3}},"line":610},"32":{"name":"(anonymous_32)","decl":{"start":{"line":631,"column":2},"end":{"line":631,"column":3}},"loc":{"start":{"line":631,"column":10},"end":{"line":633,"column":3}},"line":631},"33":{"name":"(anonymous_33)","decl":{"start":{"line":639,"column":2},"end":{"line":639,"column":3}},"loc":{"start":{"line":639,"column":21},"end":{"line":643,"column":3}},"line":639},"34":{"name":"(anonymous_34)","decl":{"start":{"line":650,"column":2},"end":{"line":650,"column":3}},"loc":{"start":{"line":650,"column":32},"end":{"line":666,"column":3}},"line":650},"35":{"name":"(anonymous_35)","decl":{"start":{"line":657,"column":44},"end":{"line":657,"column":45}},"loc":{"start":{"line":657,"column":50},"end":{"line":663,"column":5}},"line":657}},"branchMap":{"0":{"loc":{"start":{"line":10,"column":14},"end":{"line":10,"column":33}},"type":"default-arg","locations":[{"start":{"line":10,"column":23},"end":{"line":10,"column":33}}],"line":10},"1":{"loc":{"start":{"line":12,"column":4},"end":{"line":17,"column":5}},"type":"if","locations":[{"start":{"line":12,"column":4},"end":{"line":17,"column":5}},{"start":{},"end":{}}],"line":12},"2":{"loc":{"start":{"line":14,"column":6},"end":{"line":16,"column":7}},"type":"if","locations":[{"start":{"line":14,"column":6},"end":{"line":16,"column":7}},{"start":{},"end":{}}],"line":14},"3":{"loc":{"start":{"line":208,"column":14},"end":{"line":208,"column":34}},"type":"binary-expr","locations":[{"start":{"line":208,"column":14},"end":{"line":208,"column":26}},{"start":{"line":208,"column":30},"end":{"line":208,"column":34}}],"line":208},"4":{"loc":{"start":{"line":209,"column":13},"end":{"line":209,"column":32}},"type":"binary-expr","locations":[{"start":{"line":209,"column":13},"end":{"line":209,"column":24}},{"start":{"line":209,"column":28},"end":{"line":209,"column":32}}],"line":209},"5":{"loc":{"start":{"line":210,"column":20},"end":{"line":210,"column":46}},"type":"binary-expr","locations":[{"start":{"line":210,"column":20},"end":{"line":210,"column":38}},{"start":{"line":210,"column":42},"end":{"line":210,"column":46}}],"line":210},"6":{"loc":{"start":{"line":211,"column":20},"end":{"line":211,"column":46}},"type":"binary-expr","locations":[{"start":{"line":211,"column":20},"end":{"line":211,"column":38}},{"start":{"line":211,"column":42},"end":{"line":211,"column":46}}],"line":211},"7":{"loc":{"start":{"line":212,"column":19},"end":{"line":212,"column":44}},"type":"binary-expr","locations":[{"start":{"line":212,"column":19},"end":{"line":212,"column":36}},{"start":{"line":212,"column":40},"end":{"line":212,"column":44}}],"line":212},"8":{"loc":{"start":{"line":213,"column":20},"end":{"line":213,"column":46}},"type":"binary-expr","locations":[{"start":{"line":213,"column":20},"end":{"line":213,"column":38}},{"start":{"line":213,"column":42},"end":{"line":213,"column":46}}],"line":213},"9":{"loc":{"start":{"line":214,"column":24},"end":{"line":214,"column":54}},"type":"binary-expr","locations":[{"start":{"line":214,"column":24},"end":{"line":214,"column":46}},{"start":{"line":214,"column":50},"end":{"line":214,"column":54}}],"line":214},"10":{"loc":{"start":{"line":215,"column":15},"end":{"line":215,"column":36}},"type":"binary-expr","locations":[{"start":{"line":215,"column":15},"end":{"line":215,"column":28}},{"start":{"line":215,"column":32},"end":{"line":215,"column":36}}],"line":215},"11":{"loc":{"start":{"line":216,"column":19},"end":{"line":216,"column":44}},"type":"binary-expr","locations":[{"start":{"line":216,"column":19},"end":{"line":216,"column":36}},{"start":{"line":216,"column":40},"end":{"line":216,"column":44}}],"line":216},"12":{"loc":{"start":{"line":217,"column":13},"end":{"line":217,"column":32}},"type":"binary-expr","locations":[{"start":{"line":217,"column":13},"end":{"line":217,"column":24}},{"start":{"line":217,"column":28},"end":{"line":217,"column":32}}],"line":217},"13":{"loc":{"start":{"line":218,"column":23},"end":{"line":218,"column":52}},"type":"binary-expr","locations":[{"start":{"line":218,"column":23},"end":{"line":218,"column":44}},{"start":{"line":218,"column":48},"end":{"line":218,"column":52}}],"line":218},"14":{"loc":{"start":{"line":220,"column":21},"end":{"line":220,"column":48}},"type":"binary-expr","locations":[{"start":{"line":220,"column":21},"end":{"line":220,"column":40}},{"start":{"line":220,"column":44},"end":{"line":220,"column":48}}],"line":220},"15":{"loc":{"start":{"line":221,"column":22},"end":{"line":221,"column":50}},"type":"cond-expr","locations":[{"start":{"line":221,"column":45},"end":{"line":221,"column":46}},{"start":{"line":221,"column":49},"end":{"line":221,"column":50}}],"line":221},"16":{"loc":{"start":{"line":222,"column":20},"end":{"line":222,"column":46}},"type":"binary-expr","locations":[{"start":{"line":222,"column":20},"end":{"line":222,"column":38}},{"start":{"line":222,"column":42},"end":{"line":222,"column":46}}],"line":222},"17":{"loc":{"start":{"line":243,"column":12},"end":{"line":243,"column":24}},"type":"default-arg","locations":[{"start":{"line":243,"column":22},"end":{"line":243,"column":24}}],"line":243},"18":{"loc":{"start":{"line":248,"column":4},"end":{"line":251,"column":5}},"type":"if","locations":[{"start":{"line":248,"column":4},"end":{"line":251,"column":5}},{"start":{},"end":{}}],"line":248},"19":{"loc":{"start":{"line":253,"column":4},"end":{"line":256,"column":5}},"type":"if","locations":[{"start":{"line":253,"column":4},"end":{"line":256,"column":5}},{"start":{},"end":{}}],"line":253},"20":{"loc":{"start":{"line":258,"column":4},"end":{"line":261,"column":5}},"type":"if","locations":[{"start":{"line":258,"column":4},"end":{"line":261,"column":5}},{"start":{},"end":{}}],"line":258},"21":{"loc":{"start":{"line":263,"column":4},"end":{"line":265,"column":5}},"type":"if","locations":[{"start":{"line":263,"column":4},"end":{"line":265,"column":5}},{"start":{},"end":{}}],"line":263},"22":{"loc":{"start":{"line":268,"column":19},"end":{"line":268,"column":44}},"type":"binary-expr","locations":[{"start":{"line":268,"column":19},"end":{"line":268,"column":33}},{"start":{"line":268,"column":37},"end":{"line":268,"column":44}}],"line":268},"23":{"loc":{"start":{"line":269,"column":22},"end":{"line":269,"column":48}},"type":"binary-expr","locations":[{"start":{"line":269,"column":22},"end":{"line":269,"column":39}},{"start":{"line":269,"column":43},"end":{"line":269,"column":48}}],"line":269},"24":{"loc":{"start":{"line":293,"column":6},"end":{"line":296,"column":7}},"type":"if","locations":[{"start":{"line":293,"column":6},"end":{"line":296,"column":7}},{"start":{},"end":{}}],"line":293},"25":{"loc":{"start":{"line":299,"column":4},"end":{"line":301,"column":5}},"type":"if","locations":[{"start":{"line":299,"column":4},"end":{"line":301,"column":5}},{"start":{},"end":{}}],"line":299},"26":{"loc":{"start":{"line":333,"column":4},"end":{"line":335,"column":5}},"type":"if","locations":[{"start":{"line":333,"column":4},"end":{"line":335,"column":5}},{"start":{},"end":{}}],"line":333},"27":{"loc":{"start":{"line":349,"column":4},"end":{"line":349,"column":55}},"type":"if","locations":[{"start":{"line":349,"column":4},"end":{"line":349,"column":55}},{"start":{},"end":{}}],"line":349},"28":{"loc":{"start":{"line":349,"column":8},"end":{"line":349,"column":46}},"type":"binary-expr","locations":[{"start":{"line":349,"column":8},"end":{"line":349,"column":19}},{"start":{"line":349,"column":23},"end":{"line":349,"column":46}}],"line":349},"29":{"loc":{"start":{"line":414,"column":19},"end":{"line":414,"column":47}},"type":"binary-expr","locations":[{"start":{"line":414,"column":19},"end":{"line":414,"column":39}},{"start":{"line":414,"column":43},"end":{"line":414,"column":47}}],"line":414},"30":{"loc":{"start":{"line":415,"column":20},"end":{"line":415,"column":49}},"type":"binary-expr","locations":[{"start":{"line":415,"column":20},"end":{"line":415,"column":41}},{"start":{"line":415,"column":45},"end":{"line":415,"column":49}}],"line":415},"31":{"loc":{"start":{"line":453,"column":6},"end":{"line":456,"column":7}},"type":"if","locations":[{"start":{"line":453,"column":6},"end":{"line":456,"column":7}},{"start":{},"end":{}}],"line":453},"32":{"loc":{"start":{"line":459,"column":4},"end":{"line":461,"column":5}},"type":"if","locations":[{"start":{"line":459,"column":4},"end":{"line":461,"column":5}},{"start":{},"end":{}}],"line":459},"33":{"loc":{"start":{"line":487,"column":4},"end":{"line":487,"column":51}},"type":"if","locations":[{"start":{"line":487,"column":4},"end":{"line":487,"column":51}},{"start":{},"end":{}}],"line":487},"34":{"loc":{"start":{"line":487,"column":8},"end":{"line":487,"column":42}},"type":"binary-expr","locations":[{"start":{"line":487,"column":8},"end":{"line":487,"column":17}},{"start":{"line":487,"column":21},"end":{"line":487,"column":42}}],"line":487},"35":{"loc":{"start":{"line":555,"column":56},"end":{"line":555,"column":86}},"type":"binary-expr","locations":[{"start":{"line":555,"column":56},"end":{"line":555,"column":78}},{"start":{"line":555,"column":82},"end":{"line":555,"column":86}}],"line":555},"36":{"loc":{"start":{"line":557,"column":4},"end":{"line":559,"column":5}},"type":"if","locations":[{"start":{"line":557,"column":4},"end":{"line":559,"column":5}},{"start":{},"end":{}}],"line":557},"37":{"loc":{"start":{"line":568,"column":20},"end":{"line":568,"column":50}},"type":"binary-expr","locations":[{"start":{"line":568,"column":20},"end":{"line":568,"column":42}},{"start":{"line":568,"column":46},"end":{"line":568,"column":50}}],"line":568},"38":{"loc":{"start":{"line":569,"column":20},"end":{"line":569,"column":50}},"type":"binary-expr","locations":[{"start":{"line":569,"column":20},"end":{"line":569,"column":42}},{"start":{"line":569,"column":46},"end":{"line":569,"column":50}}],"line":569},"39":{"loc":{"start":{"line":570,"column":20},"end":{"line":570,"column":50}},"type":"binary-expr","locations":[{"start":{"line":570,"column":20},"end":{"line":570,"column":42}},{"start":{"line":570,"column":46},"end":{"line":570,"column":50}}],"line":570},"40":{"loc":{"start":{"line":571,"column":22},"end":{"line":571,"column":54}},"type":"cond-expr","locations":[{"start":{"line":571,"column":49},"end":{"line":571,"column":50}},{"start":{"line":571,"column":53},"end":{"line":571,"column":54}}],"line":571},"41":{"loc":{"start":{"line":642,"column":11},"end":{"line":642,"column":30}},"type":"binary-expr","locations":[{"start":{"line":642,"column":11},"end":{"line":642,"column":25}},{"start":{"line":642,"column":29},"end":{"line":642,"column":30}}],"line":642},"42":{"loc":{"start":{"line":653,"column":4},"end":{"line":655,"column":5}},"type":"if","locations":[{"start":{"line":653,"column":4},"end":{"line":655,"column":5}},{"start":{},"end":{}}],"line":653}},"s":{"0":2,"1":2,"2":2,"3":2,"4":54,"5":0,"6":0,"7":0,"8":54,"9":54,"10":54,"11":54,"12":54,"13":54,"14":54,"15":54,"16":54,"17":54,"18":54,"19":54,"20":54,"21":54,"22":54,"23":54,"24":54,"25":54,"26":54,"27":54,"28":1138,"29":1138,"30":1136,"31":8,"32":8,"33":5,"34":5,"35":5,"36":5,"37":1,"38":1,"39":5,"40":2,"41":2,"42":5,"43":0,"44":0,"45":5,"46":3,"47":5,"48":5,"49":5,"50":5,"51":5,"52":2,"53":2,"54":2,"55":2,"56":18,"57":3,"58":3,"59":2,"60":0,"61":2,"62":2,"63":2,"64":2,"65":2,"66":2,"67":2,"68":26,"69":26,"70":26,"71":2,"72":24,"73":24,"74":24,"75":7,"76":0,"77":7,"78":7,"79":14,"80":14,"81":14,"82":7,"83":6,"84":6,"85":10,"86":1,"87":1,"88":1,"89":1,"90":12,"91":12,"92":12,"93":4,"94":4,"95":1,"96":1,"97":1,"98":1,"99":1,"100":1,"101":3,"102":2,"103":2,"104":1,"105":0,"106":1,"107":1,"108":1,"109":1,"110":2,"111":2,"112":2,"113":5,"114":0,"115":5,"116":5,"117":5,"118":5,"119":5,"120":10,"121":10,"122":5,"123":3,"124":3,"125":1,"126":1,"127":1,"128":9,"129":9,"130":9,"131":1,"132":8,"133":8,"134":8,"135":2,"136":2,"137":0,"138":0,"139":1,"140":1,"141":1,"142":1,"143":1,"144":1,"145":1,"146":1,"147":1,"148":1,"149":54,"150":8,"151":8,"152":8,"153":4,"154":4,"155":1,"156":3,"157":3,"158":3,"159":3,"160":3,"161":2},"f":{"0":54,"1":54,"2":54,"3":1138,"4":8,"5":5,"6":2,"7":18,"8":2,"9":26,"10":7,"11":7,"12":14,"13":6,"14":10,"15":1,"16":1,"17":12,"18":4,"19":1,"20":1,"21":3,"22":2,"23":5,"24":5,"25":10,"26":3,"27":1,"28":9,"29":2,"30":0,"31":1,"32":54,"33":8,"34":4,"35":3},"b":{"0":[0],"1":[0,54],"2":[0,0],"3":[1138,31],"4":[1138,33],"5":[1138,35],"6":[1138,1137],"7":[1138,1137],"8":[1138,1137],"9":[1138,1137],"10":[1138,1137],"11":[1138,1137],"12":[1138,1137],"13":[1138,1137],"14":[1138,1138],"15":[2,1136],"16":[1138,1137],"17":[1],"18":[1,4],"19":[2,3],"20":[0,5],"21":[3,2],"22":[5,4],"23":[5,4],"24":[3,15],"25":[0,2],"26":[2,24],"27":[0,7],"28":[7,7],"29":[12,11],"30":[12,12],"31":[2,1],"32":[0,1],"33":[0,5],"34":[5,5],"35":[9,0],"36":[1,8],"37":[8,0],"38":[8,7],"39":[8,8],"40":[1,7],"41":[8,0],"42":[1,3]},"_coverageSchema":"1a1c01bbd47fc00a2c39e90264f33305004495a9","hash":"7589b307fd64f28cd0675d53132a7fe21d57f126"}
,"/Users/jenniferparsons/Engineering/Projects/tuuuuunes/src/main/library-manager.js": {"path":"/Users/jenniferparsons/Engineering/Projects/tuuuuunes/src/main/library-manager.js","statementMap":{"0":{"start":{"line":4,"column":11},"end":{"line":4,"column":33}},"1":{"start":{"line":5,"column":15},"end":{"line":5,"column":28}},"2":{"start":{"line":6,"column":13},"end":{"line":6,"column":28}},"3":{"start":{"line":7,"column":11},"end":{"line":7,"column":24}},"4":{"start":{"line":8,"column":15},"end":{"line":8,"column":32}},"5":{"start":{"line":16,"column":4},"end":{"line":16,"column":67}},"6":{"start":{"line":24,"column":20},"end":{"line":24,"column":32}},"7":{"start":{"line":25,"column":4},"end":{"line":25,"column":52}},"8":{"start":{"line":33,"column":4},"end":{"line":33,"column":48}},"9":{"start":{"line":41,"column":4},"end":{"line":41,"column":50}},"10":{"start":{"line":49,"column":4},"end":{"line":49,"column":54}},"11":{"start":{"line":57,"column":4},"end":{"line":57,"column":57}},"12":{"start":{"line":65,"column":4},"end":{"line":65,"column":51}},"13":{"start":{"line":73,"column":4},"end":{"line":73,"column":59}},"14":{"start":{"line":82,"column":20},"end":{"line":89,"column":5}},"15":{"start":{"line":91,"column":4},"end":{"line":93,"column":5}},"16":{"start":{"line":92,"column":6},"end":{"line":92,"column":50}},"17":{"start":{"line":101,"column":4},"end":{"line":106,"column":5}},"18":{"start":{"line":102,"column":6},"end":{"line":102,"column":59}},"19":{"start":{"line":103,"column":6},"end":{"line":103,"column":18}},"20":{"start":{"line":105,"column":6},"end":{"line":105,"column":19}},"21":{"start":{"line":114,"column":4},"end":{"line":132,"column":5}},"22":{"start":{"line":116,"column":28},"end":{"line":116,"column":47}},"23":{"start":{"line":118,"column":6},"end":{"line":121,"column":7}},"24":{"start":{"line":120,"column":8},"end":{"line":120,"column":32}},"25":{"start":{"line":124,"column":6},"end":{"line":124,"column":59}},"26":{"start":{"line":127,"column":6},"end":{"line":127,"column":59}},"27":{"start":{"line":129,"column":6},"end":{"line":129,"column":18}},"28":{"start":{"line":131,"column":6},"end":{"line":131,"column":19}},"29":{"start":{"line":142,"column":4},"end":{"line":144,"column":5}},"30":{"start":{"line":143,"column":6},"end":{"line":143,"column":23}},"31":{"start":{"line":147,"column":20},"end":{"line":147,"column":58}},"32":{"start":{"line":150,"column":4},"end":{"line":150,"column":47}},"33":{"start":{"line":153,"column":4},"end":{"line":153,"column":33}},"34":{"start":{"line":156,"column":4},"end":{"line":158,"column":5}},"35":{"start":{"line":157,"column":6},"end":{"line":157,"column":28}},"36":{"start":{"line":161,"column":22},"end":{"line":161,"column":25}},"37":{"start":{"line":162,"column":4},"end":{"line":164,"column":5}},"38":{"start":{"line":163,"column":6},"end":{"line":163,"column":59}},"39":{"start":{"line":166,"column":4},"end":{"line":166,"column":21}},"40":{"start":{"line":175,"column":19},"end":{"line":175,"column":102}},"41":{"start":{"line":176,"column":18},"end":{"line":176,"column":74}},"42":{"start":{"line":177,"column":24},"end":{"line":177,"column":101}},"43":{"start":{"line":178,"column":18},"end":{"line":178,"column":74}},"44":{"start":{"line":181,"column":20},"end":{"line":181,"column":26}},"45":{"start":{"line":182,"column":4},"end":{"line":186,"column":5}},"46":{"start":{"line":183,"column":6},"end":{"line":183,"column":51}},"47":{"start":{"line":184,"column":11},"end":{"line":186,"column":5}},"48":{"start":{"line":185,"column":6},"end":{"line":185,"column":39}},"49":{"start":{"line":188,"column":21},"end":{"line":188,"column":58}},"50":{"start":{"line":190,"column":4},"end":{"line":190,"column":67}},"51":{"start":{"line":199,"column":4},"end":{"line":199,"column":63}},"52":{"start":{"line":209,"column":17},"end":{"line":209,"column":43}},"53":{"start":{"line":210,"column":21},"end":{"line":210,"column":34}},"54":{"start":{"line":212,"column":4},"end":{"line":216,"column":5}},"55":{"start":{"line":213,"column":6},"end":{"line":213,"column":65}},"56":{"start":{"line":215,"column":6},"end":{"line":215,"column":62}},"57":{"start":{"line":226,"column":24},"end":{"line":226,"column":67}},"58":{"start":{"line":229,"column":4},"end":{"line":237,"column":5}},"59":{"start":{"line":230,"column":6},"end":{"line":230,"column":54}},"60":{"start":{"line":232,"column":6},"end":{"line":232,"column":25}},"61":{"start":{"line":235,"column":6},"end":{"line":235,"column":51}},"62":{"start":{"line":236,"column":6},"end":{"line":236,"column":25}},"63":{"start":{"line":245,"column":18},"end":{"line":250,"column":5}},"64":{"start":{"line":252,"column":4},"end":{"line":254,"column":5}},"65":{"start":{"line":253,"column":6},"end":{"line":253,"column":19}},"66":{"start":{"line":256,"column":4},"end":{"line":269,"column":5}},"67":{"start":{"line":258,"column":24},"end":{"line":258,"column":43}},"68":{"start":{"line":259,"column":6},"end":{"line":259,"column":93}},"69":{"start":{"line":262,"column":26},"end":{"line":262,"column":47}},"70":{"start":{"line":263,"column":6},"end":{"line":263,"column":89}},"71":{"start":{"line":266,"column":6},"end":{"line":266,"column":76}},"72":{"start":{"line":271,"column":4},"end":{"line":271,"column":17}},"73":{"start":{"line":281,"column":16},"end":{"line":281,"column":17}},"74":{"start":{"line":283,"column":4},"end":{"line":300,"column":5}},"75":{"start":{"line":284,"column":22},"end":{"line":284,"column":72}},"76":{"start":{"line":286,"column":6},"end":{"line":297,"column":7}},"77":{"start":{"line":287,"column":25},"end":{"line":287,"column":55}},"78":{"start":{"line":289,"column":8},"end":{"line":296,"column":9}},"79":{"start":{"line":290,"column":10},"end":{"line":290,"column":63}},"80":{"start":{"line":291,"column":15},"end":{"line":296,"column":9}},"81":{"start":{"line":292,"column":22},"end":{"line":292,"column":60}},"82":{"start":{"line":293,"column":10},"end":{"line":295,"column":11}},"83":{"start":{"line":294,"column":12},"end":{"line":294,"column":20}},"84":{"start":{"line":302,"column":4},"end":{"line":302,"column":17}},"85":{"start":{"line":311,"column":20},"end":{"line":311,"column":21}},"86":{"start":{"line":313,"column":4},"end":{"line":328,"column":5}},"87":{"start":{"line":314,"column":22},"end":{"line":314,"column":72}},"88":{"start":{"line":316,"column":6},"end":{"line":325,"column":7}},"89":{"start":{"line":317,"column":25},"end":{"line":317,"column":55}},"90":{"start":{"line":319,"column":8},"end":{"line":324,"column":9}},"91":{"start":{"line":320,"column":10},"end":{"line":320,"column":67}},"92":{"start":{"line":321,"column":15},"end":{"line":324,"column":9}},"93":{"start":{"line":322,"column":23},"end":{"line":322,"column":46}},"94":{"start":{"line":323,"column":10},"end":{"line":323,"column":33}},"95":{"start":{"line":330,"column":4},"end":{"line":330,"column":21}},"96":{"start":{"line":339,"column":18},"end":{"line":339,"column":47}},"97":{"start":{"line":340,"column":15},"end":{"line":340,"column":20}},"98":{"start":{"line":341,"column":20},"end":{"line":341,"column":21}},"99":{"start":{"line":343,"column":4},"end":{"line":346,"column":5}},"100":{"start":{"line":344,"column":6},"end":{"line":344,"column":19}},"101":{"start":{"line":345,"column":6},"end":{"line":345,"column":18}},"102":{"start":{"line":348,"column":4},"end":{"line":348,"column":52}},"103":{"start":{"line":357,"column":4},"end":{"line":359,"column":5}},"104":{"start":{"line":358,"column":6},"end":{"line":358,"column":19}},"105":{"start":{"line":362,"column":4},"end":{"line":364,"column":5}},"106":{"start":{"line":363,"column":6},"end":{"line":363,"column":19}},"107":{"start":{"line":367,"column":4},"end":{"line":369,"column":5}},"108":{"start":{"line":368,"column":6},"end":{"line":368,"column":19}},"109":{"start":{"line":371,"column":4},"end":{"line":371,"column":16}},"110":{"start":{"line":380,"column":4},"end":{"line":380,"column":49}},"111":{"start":{"line":384,"column":0},"end":{"line":384,"column":32}}},"fnMap":{"0":{"name":"(anonymous_0)","decl":{"start":{"line":15,"column":2},"end":{"line":15,"column":3}},"loc":{"start":{"line":15,"column":34},"end":{"line":17,"column":3}},"line":15},"1":{"name":"(anonymous_1)","decl":{"start":{"line":23,"column":2},"end":{"line":23,"column":3}},"loc":{"start":{"line":23,"column":26},"end":{"line":26,"column":3}},"line":23},"2":{"name":"(anonymous_2)","decl":{"start":{"line":32,"column":2},"end":{"line":32,"column":3}},"loc":{"start":{"line":32,"column":17},"end":{"line":34,"column":3}},"line":32},"3":{"name":"(anonymous_3)","decl":{"start":{"line":40,"column":2},"end":{"line":40,"column":3}},"loc":{"start":{"line":40,"column":19},"end":{"line":42,"column":3}},"line":40},"4":{"name":"(anonymous_4)","decl":{"start":{"line":48,"column":2},"end":{"line":48,"column":3}},"loc":{"start":{"line":48,"column":25},"end":{"line":50,"column":3}},"line":48},"5":{"name":"(anonymous_5)","decl":{"start":{"line":56,"column":2},"end":{"line":56,"column":3}},"loc":{"start":{"line":56,"column":28},"end":{"line":58,"column":3}},"line":56},"6":{"name":"(anonymous_6)","decl":{"start":{"line":64,"column":2},"end":{"line":64,"column":3}},"loc":{"start":{"line":64,"column":20},"end":{"line":66,"column":3}},"line":64},"7":{"name":"(anonymous_7)","decl":{"start":{"line":72,"column":2},"end":{"line":72,"column":3}},"loc":{"start":{"line":72,"column":24},"end":{"line":74,"column":3}},"line":72},"8":{"name":"(anonymous_8)","decl":{"start":{"line":81,"column":2},"end":{"line":81,"column":3}},"loc":{"start":{"line":81,"column":21},"end":{"line":94,"column":3}},"line":81},"9":{"name":"(anonymous_9)","decl":{"start":{"line":100,"column":2},"end":{"line":100,"column":3}},"loc":{"start":{"line":100,"column":17},"end":{"line":107,"column":3}},"line":100},"10":{"name":"(anonymous_10)","decl":{"start":{"line":113,"column":2},"end":{"line":113,"column":3}},"loc":{"start":{"line":113,"column":28},"end":{"line":133,"column":3}},"line":113},"11":{"name":"(anonymous_11)","decl":{"start":{"line":140,"column":2},"end":{"line":140,"column":3}},"loc":{"start":{"line":140,"column":29},"end":{"line":167,"column":3}},"line":140},"12":{"name":"(anonymous_12)","decl":{"start":{"line":174,"column":2},"end":{"line":174,"column":3}},"loc":{"start":{"line":174,"column":30},"end":{"line":191,"column":3}},"line":174},"13":{"name":"(anonymous_13)","decl":{"start":{"line":198,"column":2},"end":{"line":198,"column":3}},"loc":{"start":{"line":198,"column":17},"end":{"line":200,"column":3}},"line":198},"14":{"name":"(anonymous_14)","decl":{"start":{"line":208,"column":2},"end":{"line":208,"column":3}},"loc":{"start":{"line":208,"column":51},"end":{"line":217,"column":3}},"line":208},"15":{"name":"(anonymous_15)","decl":{"start":{"line":225,"column":2},"end":{"line":225,"column":3}},"loc":{"start":{"line":225,"column":49},"end":{"line":238,"column":3}},"line":225},"16":{"name":"(anonymous_16)","decl":{"start":{"line":244,"column":2},"end":{"line":244,"column":3}},"loc":{"start":{"line":244,"column":19},"end":{"line":272,"column":3}},"line":244},"17":{"name":"(anonymous_17)","decl":{"start":{"line":280,"column":2},"end":{"line":280,"column":3}},"loc":{"start":{"line":280,"column":40},"end":{"line":303,"column":3}},"line":280},"18":{"name":"(anonymous_18)","decl":{"start":{"line":310,"column":2},"end":{"line":310,"column":3}},"loc":{"start":{"line":310,"column":40},"end":{"line":331,"column":3}},"line":310},"19":{"name":"(anonymous_19)","decl":{"start":{"line":338,"column":2},"end":{"line":338,"column":3}},"loc":{"start":{"line":338,"column":20},"end":{"line":349,"column":3}},"line":338},"20":{"name":"(anonymous_20)","decl":{"start":{"line":356,"column":2},"end":{"line":356,"column":3}},"loc":{"start":{"line":356,"column":23},"end":{"line":372,"column":3}},"line":356},"21":{"name":"(anonymous_21)","decl":{"start":{"line":379,"column":2},"end":{"line":379,"column":3}},"loc":{"start":{"line":379,"column":33},"end":{"line":381,"column":3}},"line":379}},"branchMap":{"0":{"loc":{"start":{"line":15,"column":14},"end":{"line":15,"column":32}},"type":"default-arg","locations":[{"start":{"line":15,"column":28},"end":{"line":15,"column":32}}],"line":15},"1":{"loc":{"start":{"line":16,"column":23},"end":{"line":16,"column":66}},"type":"binary-expr","locations":[{"start":{"line":16,"column":23},"end":{"line":16,"column":34}},{"start":{"line":16,"column":38},"end":{"line":16,"column":66}}],"line":16},"2":{"loc":{"start":{"line":118,"column":6},"end":{"line":121,"column":7}},"type":"if","locations":[{"start":{"line":118,"column":6},"end":{"line":121,"column":7}},{"start":{},"end":{}}],"line":118},"3":{"loc":{"start":{"line":142,"column":4},"end":{"line":144,"column":5}},"type":"if","locations":[{"start":{"line":142,"column":4},"end":{"line":144,"column":5}},{"start":{},"end":{}}],"line":142},"4":{"loc":{"start":{"line":142,"column":8},"end":{"line":142,"column":83}},"type":"binary-expr","locations":[{"start":{"line":142,"column":8},"end":{"line":142,"column":17}},{"start":{"line":142,"column":22},"end":{"line":142,"column":50}},{"start":{"line":142,"column":54},"end":{"line":142,"column":82}}],"line":142},"5":{"loc":{"start":{"line":156,"column":4},"end":{"line":158,"column":5}},"type":"if","locations":[{"start":{"line":156,"column":4},"end":{"line":158,"column":5}},{"start":{},"end":{}}],"line":156},"6":{"loc":{"start":{"line":162,"column":4},"end":{"line":164,"column":5}},"type":"if","locations":[{"start":{"line":162,"column":4},"end":{"line":164,"column":5}},{"start":{},"end":{}}],"line":162},"7":{"loc":{"start":{"line":175,"column":41},"end":{"line":175,"column":101}},"type":"binary-expr","locations":[{"start":{"line":175,"column":41},"end":{"line":175,"column":56}},{"start":{"line":175,"column":60},"end":{"line":175,"column":81}},{"start":{"line":175,"column":85},"end":{"line":175,"column":101}}],"line":175},"8":{"loc":{"start":{"line":176,"column":40},"end":{"line":176,"column":73}},"type":"binary-expr","locations":[{"start":{"line":176,"column":40},"end":{"line":176,"column":54}},{"start":{"line":176,"column":58},"end":{"line":176,"column":73}}],"line":176},"9":{"loc":{"start":{"line":177,"column":24},"end":{"line":177,"column":101}},"type":"cond-expr","locations":[{"start":{"line":177,"column":48},"end":{"line":177,"column":94}},{"start":{"line":177,"column":97},"end":{"line":177,"column":101}}],"line":177},"10":{"loc":{"start":{"line":178,"column":40},"end":{"line":178,"column":73}},"type":"binary-expr","locations":[{"start":{"line":178,"column":40},"end":{"line":178,"column":54}},{"start":{"line":178,"column":58},"end":{"line":178,"column":73}}],"line":178},"11":{"loc":{"start":{"line":182,"column":4},"end":{"line":186,"column":5}},"type":"if","locations":[{"start":{"line":182,"column":4},"end":{"line":186,"column":5}},{"start":{"line":184,"column":11},"end":{"line":186,"column":5}}],"line":182},"12":{"loc":{"start":{"line":184,"column":11},"end":{"line":186,"column":5}},"type":"if","locations":[{"start":{"line":184,"column":11},"end":{"line":186,"column":5}},{"start":{},"end":{}}],"line":184},"13":{"loc":{"start":{"line":208,"column":35},"end":{"line":208,"column":49}},"type":"default-arg","locations":[{"start":{"line":208,"column":42},"end":{"line":208,"column":49}}],"line":208},"14":{"loc":{"start":{"line":212,"column":4},"end":{"line":216,"column":5}},"type":"if","locations":[{"start":{"line":212,"column":4},"end":{"line":216,"column":5}},{"start":{"line":214,"column":11},"end":{"line":216,"column":5}}],"line":212},"15":{"loc":{"start":{"line":225,"column":33},"end":{"line":225,"column":47}},"type":"default-arg","locations":[{"start":{"line":225,"column":40},"end":{"line":225,"column":47}}],"line":225},"16":{"loc":{"start":{"line":252,"column":4},"end":{"line":254,"column":5}},"type":"if","locations":[{"start":{"line":252,"column":4},"end":{"line":254,"column":5}},{"start":{},"end":{}}],"line":252},"17":{"loc":{"start":{"line":289,"column":8},"end":{"line":296,"column":9}},"type":"if","locations":[{"start":{"line":289,"column":8},"end":{"line":296,"column":9}},{"start":{"line":291,"column":15},"end":{"line":296,"column":9}}],"line":289},"18":{"loc":{"start":{"line":291,"column":15},"end":{"line":296,"column":9}},"type":"if","locations":[{"start":{"line":291,"column":15},"end":{"line":296,"column":9}},{"start":{},"end":{}}],"line":291},"19":{"loc":{"start":{"line":293,"column":10},"end":{"line":295,"column":11}},"type":"if","locations":[{"start":{"line":293,"column":10},"end":{"line":295,"column":11}},{"start":{},"end":{}}],"line":293},"20":{"loc":{"start":{"line":319,"column":8},"end":{"line":324,"column":9}},"type":"if","locations":[{"start":{"line":319,"column":8},"end":{"line":324,"column":9}},{"start":{"line":321,"column":15},"end":{"line":324,"column":9}}],"line":319},"21":{"loc":{"start":{"line":321,"column":15},"end":{"line":324,"column":9}},"type":"if","locations":[{"start":{"line":321,"column":15},"end":{"line":324,"column":9}},{"start":{},"end":{}}],"line":321},"22":{"loc":{"start":{"line":343,"column":11},"end":{"line":343,"column":55}},"type":"binary-expr","locations":[{"start":{"line":343,"column":11},"end":{"line":343,"column":23}},{"start":{"line":343,"column":27},"end":{"line":343,"column":55}}],"line":343},"23":{"loc":{"start":{"line":357,"column":4},"end":{"line":359,"column":5}},"type":"if","locations":[{"start":{"line":357,"column":4},"end":{"line":359,"column":5}},{"start":{},"end":{}}],"line":357},"24":{"loc":{"start":{"line":357,"column":8},"end":{"line":357,"column":47}},"type":"binary-expr","locations":[{"start":{"line":357,"column":8},"end":{"line":357,"column":16}},{"start":{"line":357,"column":20},"end":{"line":357,"column":47}}],"line":357},"25":{"loc":{"start":{"line":362,"column":4},"end":{"line":364,"column":5}},"type":"if","locations":[{"start":{"line":362,"column":4},"end":{"line":364,"column":5}},{"start":{},"end":{}}],"line":362},"26":{"loc":{"start":{"line":367,"column":4},"end":{"line":369,"column":5}},"type":"if","locations":[{"start":{"line":367,"column":4},"end":{"line":369,"column":5}},{"start":{},"end":{}}],"line":367}},"s":{"0":1,"1":1,"2":1,"3":1,"4":1,"5":58,"6":2,"7":2,"8":33,"9":52,"10":20,"11":15,"12":14,"13":1,"14":11,"15":11,"16":66,"17":11,"18":11,"19":9,"20":2,"21":2,"22":2,"23":2,"24":0,"25":2,"26":2,"27":2,"28":0,"29":53,"30":3,"31":50,"32":50,"33":50,"34":50,"35":0,"36":50,"37":50,"38":1,"39":50,"40":14,"41":14,"42":14,"43":14,"44":14,"45":14,"46":13,"47":1,"48":1,"49":14,"50":14,"51":8,"52":5,"53":5,"54":5,"55":1,"56":4,"57":3,"58":3,"59":3,"60":1,"61":2,"62":2,"63":5,"64":5,"65":1,"66":4,"67":4,"68":4,"69":4,"70":4,"71":4,"72":4,"73":16,"74":16,"75":16,"76":16,"77":14,"78":14,"79":8,"80":6,"81":6,"82":6,"83":6,"84":16,"85":24,"86":24,"87":24,"88":24,"89":26,"90":26,"91":20,"92":6,"93":6,"94":6,"95":24,"96":6,"97":6,"98":6,"99":6,"100":9,"101":9,"102":6,"103":7,"104":4,"105":3,"106":1,"107":2,"108":1,"109":1,"110":2,"111":1},"f":{"0":58,"1":2,"2":33,"3":52,"4":20,"5":15,"6":14,"7":1,"8":11,"9":11,"10":2,"11":53,"12":14,"13":8,"14":5,"15":3,"16":5,"17":16,"18":24,"19":6,"20":7,"21":2},"b":{"0":[1],"1":[58,1],"2":[0,2],"3":[3,50],"4":[53,50,50],"5":[0,50],"6":[1,49],"7":[14,2,1],"8":[14,1],"9":[3,11],"10":[14,1],"11":[13,1],"12":[1,0],"13":[0],"14":[1,4],"15":[0],"16":[1,4],"17":[8,6],"18":[6,0],"19":[6,0],"20":[20,6],"21":[6,0],"22":[15,9],"23":[4,3],"24":[7,5],"25":[1,2],"26":[1,1]},"_coverageSchema":"1a1c01bbd47fc00a2c39e90264f33305004495a9","hash":"5da4f4b116de297dac66bae70ef0c6400ff7be6a"}
,"/Users/jenniferparsons/Engineering/Projects/tuuuuunes/src/renderer/components/Sidebar.jsx": {"path":"/Users/jenniferparsons/Engineering/Projects/tuuuuunes/src/renderer/components/Sidebar.jsx","statementMap":{"0":{"start":{"line":6,"column":16},"end":{"line":29,"column":1}},"1":{"start":{"line":7,"column":2},"end":{"line":28,"column":4}},"2":{"start":{"line":22,"column":14},"end":{"line":22,"column":56}}},"fnMap":{"0":{"name":"(anonymous_0)","decl":{"start":{"line":6,"column":16},"end":{"line":6,"column":17}},"loc":{"start":{"line":6,"column":40},"end":{"line":29,"column":1}},"line":6},"1":{"name":"(anonymous_1)","decl":{"start":{"line":21,"column":27},"end":{"line":21,"column":28}},"loc":{"start":{"line":22,"column":14},"end":{"line":22,"column":56}},"line":22}},"branchMap":{"0":{"loc":{"start":{"line":6,"column":19},"end":{"line":6,"column":33}},"type":"default-arg","locations":[{"start":{"line":6,"column":31},"end":{"line":6,"column":33}}],"line":6},"1":{"loc":{"start":{"line":17,"column":7},"end":{"line":26,"column":7}},"type":"binary-expr","locations":[{"start":{"line":17,"column":7},"end":{"line":17,"column":27}},{"start":{"line":18,"column":8},"end":{"line":25,"column":14}}],"line":17}},"s":{"0":1,"1":4,"2":2},"f":{"0":4,"1":2},"b":{"0":[2],"1":[4,1]},"_coverageSchema":"1a1c01bbd47fc00a2c39e90264f33305004495a9","hash":"00ce45b9cbb9dcbfc508fc19daf42d6f54a00b67"}
}
