TN:
SF:src/main/database.js
FN:10,(anonymous_0)
FN:27,(anonymous_1)
FN:29,(anonymous_2)
FN:188,(anonymous_3)
FN:233,(anonymous_4)
FN:243,(anonymous_5)
FN:282,(anonymous_6)
FN:292,(anonymous_7)
FN:315,(anonymous_8)
FN:328,(anonymous_9)
FN:348,(anonymous_10)
FN:351,(anonymous_11)
FN:352,(anonymous_12)
FN:370,(anonymous_13)
FN:378,(anonymous_14)
FN:385,(anonymous_15)
FN:394,(anonymous_16)
FN:406,(anonymous_17)
FN:426,(anonymous_18)
FN:435,(anonymous_19)
FN:446,(anonymous_20)
FN:452,(anonymous_21)
FN:475,(anonymous_22)
FN:486,(anonymous_23)
FN:489,(anonymous_24)
FN:503,(anonymous_25)
FN:517,(anonymous_26)
FN:534,(anonymous_27)
FN:550,(anonymous_28)
FN:581,(anonymous_29)
FN:590,(anonymous_30)
FN:610,(anonymous_31)
FN:631,(anonymous_32)
FN:639,(anonymous_33)
FN:650,(anonymous_34)
FN:657,(anonymous_35)
FNF:36
FNH:35
FNDA:54,(anonymous_0)
FNDA:54,(anonymous_1)
FNDA:54,(anonymous_2)
FNDA:1138,(anonymous_3)
FNDA:8,(anonymous_4)
FNDA:5,(anonymous_5)
FNDA:2,(anonymous_6)
FNDA:18,(anonymous_7)
FNDA:2,(anonymous_8)
FNDA:26,(anonymous_9)
FNDA:7,(anonymous_10)
FNDA:7,(anonymous_11)
FNDA:14,(anonymous_12)
FNDA:6,(anonymous_13)
FNDA:10,(anonymous_14)
FNDA:1,(anonymous_15)
FNDA:1,(anonymous_16)
FNDA:12,(anonymous_17)
FNDA:4,(anonymous_18)
FNDA:1,(anonymous_19)
FNDA:1,(anonymous_20)
FNDA:3,(anonymous_21)
FNDA:2,(anonymous_22)
FNDA:5,(anonymous_23)
FNDA:5,(anonymous_24)
FNDA:10,(anonymous_25)
FNDA:3,(anonymous_26)
FNDA:1,(anonymous_27)
FNDA:9,(anonymous_28)
FNDA:2,(anonymous_29)
FNDA:0,(anonymous_30)
FNDA:1,(anonymous_31)
FNDA:54,(anonymous_32)
FNDA:8,(anonymous_33)
FNDA:4,(anonymous_34)
FNDA:3,(anonymous_35)
DA:4,2
DA:5,2
DA:6,2
DA:7,2
DA:12,54
DA:13,0
DA:14,0
DA:15,0
DA:19,54
DA:20,54
DA:21,54
DA:29,54
DA:31,54
DA:57,54
DA:65,54
DA:73,54
DA:78,54
DA:88,54
DA:94,54
DA:106,54
DA:118,54
DA:123,54
DA:137,54
DA:143,54
DA:154,54
DA:165,54
DA:173,54
DA:178,54
DA:189,1138
DA:205,1138
DA:225,1136
DA:234,8
DA:235,8
DA:244,5
DA:245,5
DA:246,5
DA:248,5
DA:249,1
DA:250,1
DA:253,5
DA:254,2
DA:255,2
DA:258,5
DA:259,0
DA:260,0
DA:263,5
DA:264,3
DA:268,5
DA:269,5
DA:270,5
DA:272,5
DA:273,5
DA:283,2
DA:284,2
DA:286,2
DA:292,2
DA:293,18
DA:294,3
DA:295,3
DA:299,2
DA:300,0
DA:303,2
DA:304,2
DA:305,2
DA:307,2
DA:316,2
DA:317,2
DA:318,2
DA:330,26
DA:331,26
DA:333,26
DA:334,2
DA:338,24
DA:339,24
DA:340,24
DA:349,7
DA:351,7
DA:352,7
DA:353,14
DA:354,14
DA:358,14
DA:362,7
DA:371,6
DA:378,10
DA:386,1
DA:387,1
DA:395,1
DA:396,1
DA:407,12
DA:412,12
DA:418,12
DA:427,4
DA:428,4
DA:436,1
DA:437,1
DA:447,1
DA:448,1
DA:450,1
DA:452,1
DA:453,3
DA:454,2
DA:455,2
DA:459,1
DA:460,0
DA:463,1
DA:464,1
DA:465,1
DA:467,1
DA:476,2
DA:477,2
DA:478,2
DA:487,5
DA:489,5
DA:491,5
DA:496,5
DA:498,5
DA:503,5
DA:504,10
DA:505,10
DA:509,5
DA:518,3
DA:525,3
DA:535,1
DA:539,1
DA:540,1
DA:551,9
DA:555,9
DA:557,9
DA:558,1
DA:561,8
DA:566,8
DA:574,8
DA:582,2
DA:583,2
DA:591,0
DA:601,0
DA:611,1
DA:613,1
DA:614,1
DA:616,1
DA:617,1
DA:619,1
DA:620,1
DA:622,1
DA:623,1
DA:625,1
DA:632,54
DA:640,8
DA:641,8
DA:642,8
DA:651,4
DA:653,4
DA:654,1
DA:657,3
DA:658,3
DA:661,3
DA:662,3
DA:665,3
DA:669,2
LF:159
LH:150
BRDA:10,0,0,0
BRDA:12,1,0,0
BRDA:12,1,1,54
BRDA:14,2,0,0
BRDA:14,2,1,0
BRDA:208,3,0,1138
BRDA:208,3,1,31
BRDA:209,4,0,1138
BRDA:209,4,1,33
BRDA:210,5,0,1138
BRDA:210,5,1,35
BRDA:211,6,0,1138
BRDA:211,6,1,1137
BRDA:212,7,0,1138
BRDA:212,7,1,1137
BRDA:213,8,0,1138
BRDA:213,8,1,1137
BRDA:214,9,0,1138
BRDA:214,9,1,1137
BRDA:215,10,0,1138
BRDA:215,10,1,1137
BRDA:216,11,0,1138
BRDA:216,11,1,1137
BRDA:217,12,0,1138
BRDA:217,12,1,1137
BRDA:218,13,0,1138
BRDA:218,13,1,1137
BRDA:220,14,0,1138
BRDA:220,14,1,1138
BRDA:221,15,0,2
BRDA:221,15,1,1136
BRDA:222,16,0,1138
BRDA:222,16,1,1137
BRDA:243,17,0,1
BRDA:248,18,0,1
BRDA:248,18,1,4
BRDA:253,19,0,2
BRDA:253,19,1,3
BRDA:258,20,0,0
BRDA:258,20,1,5
BRDA:263,21,0,3
BRDA:263,21,1,2
BRDA:268,22,0,5
BRDA:268,22,1,4
BRDA:269,23,0,5
BRDA:269,23,1,4
BRDA:293,24,0,3
BRDA:293,24,1,15
BRDA:299,25,0,0
BRDA:299,25,1,2
BRDA:333,26,0,2
BRDA:333,26,1,24
BRDA:349,27,0,0
BRDA:349,27,1,7
BRDA:349,28,0,7
BRDA:349,28,1,7
BRDA:414,29,0,12
BRDA:414,29,1,11
BRDA:415,30,0,12
BRDA:415,30,1,12
BRDA:453,31,0,2
BRDA:453,31,1,1
BRDA:459,32,0,0
BRDA:459,32,1,1
BRDA:487,33,0,0
BRDA:487,33,1,5
BRDA:487,34,0,5
BRDA:487,34,1,5
BRDA:555,35,0,9
BRDA:555,35,1,0
BRDA:557,36,0,1
BRDA:557,36,1,8
BRDA:568,37,0,8
BRDA:568,37,1,0
BRDA:569,38,0,8
BRDA:569,38,1,7
BRDA:570,39,0,8
BRDA:570,39,1,8
BRDA:571,40,0,1
BRDA:571,40,1,7
BRDA:642,41,0,8
BRDA:642,41,1,0
BRDA:653,42,0,1
BRDA:653,42,1,3
BRF:84
BRH:72
end_of_record
TN:
SF:src/main/library-manager.js
FN:15,(anonymous_0)
FN:23,(anonymous_1)
FN:32,(anonymous_2)
FN:40,(anonymous_3)
FN:48,(anonymous_4)
FN:56,(anonymous_5)
FN:64,(anonymous_6)
FN:72,(anonymous_7)
FN:81,(anonymous_8)
FN:100,(anonymous_9)
FN:113,(anonymous_10)
FN:140,(anonymous_11)
FN:174,(anonymous_12)
FN:198,(anonymous_13)
FN:208,(anonymous_14)
FN:225,(anonymous_15)
FN:244,(anonymous_16)
FN:280,(anonymous_17)
FN:310,(anonymous_18)
FN:338,(anonymous_19)
FN:356,(anonymous_20)
FN:379,(anonymous_21)
FNF:22
FNH:22
FNDA:58,(anonymous_0)
FNDA:2,(anonymous_1)
FNDA:33,(anonymous_2)
FNDA:52,(anonymous_3)
FNDA:20,(anonymous_4)
FNDA:15,(anonymous_5)
FNDA:14,(anonymous_6)
FNDA:1,(anonymous_7)
FNDA:11,(anonymous_8)
FNDA:11,(anonymous_9)
FNDA:2,(anonymous_10)
FNDA:53,(anonymous_11)
FNDA:14,(anonymous_12)
FNDA:8,(anonymous_13)
FNDA:5,(anonymous_14)
FNDA:3,(anonymous_15)
FNDA:5,(anonymous_16)
FNDA:16,(anonymous_17)
FNDA:24,(anonymous_18)
FNDA:6,(anonymous_19)
FNDA:7,(anonymous_20)
FNDA:2,(anonymous_21)
DA:4,1
DA:5,1
DA:6,1
DA:7,1
DA:8,1
DA:16,58
DA:24,2
DA:25,2
DA:33,33
DA:41,52
DA:49,20
DA:57,15
DA:65,14
DA:73,1
DA:82,11
DA:91,11
DA:92,66
DA:101,11
DA:102,11
DA:103,9
DA:105,2
DA:114,2
DA:116,2
DA:118,2
DA:120,0
DA:124,2
DA:127,2
DA:129,2
DA:131,0
DA:142,53
DA:143,3
DA:147,50
DA:150,50
DA:153,50
DA:156,50
DA:157,0
DA:161,50
DA:162,50
DA:163,1
DA:166,50
DA:175,14
DA:176,14
DA:177,14
DA:178,14
DA:181,14
DA:182,14
DA:183,13
DA:184,1
DA:185,1
DA:188,14
DA:190,14
DA:199,8
DA:209,5
DA:210,5
DA:212,5
DA:213,1
DA:215,4
DA:226,3
DA:229,3
DA:230,3
DA:232,1
DA:235,2
DA:236,2
DA:245,5
DA:252,5
DA:253,1
DA:256,4
DA:258,4
DA:259,4
DA:262,4
DA:263,4
DA:266,4
DA:271,4
DA:281,16
DA:283,16
DA:284,16
DA:286,16
DA:287,14
DA:289,14
DA:290,8
DA:291,6
DA:292,6
DA:293,6
DA:294,6
DA:302,16
DA:311,24
DA:313,24
DA:314,24
DA:316,24
DA:317,26
DA:319,26
DA:320,20
DA:321,6
DA:322,6
DA:323,6
DA:330,24
DA:339,6
DA:340,6
DA:341,6
DA:343,6
DA:344,9
DA:345,9
DA:348,6
DA:357,7
DA:358,4
DA:362,3
DA:363,1
DA:367,2
DA:368,1
DA:371,1
DA:380,2
DA:384,1
LF:112
LH:109
BRDA:15,0,0,1
BRDA:16,1,0,58
BRDA:16,1,1,1
BRDA:118,2,0,0
BRDA:118,2,1,2
BRDA:142,3,0,3
BRDA:142,3,1,50
BRDA:142,4,0,53
BRDA:142,4,1,50
BRDA:142,4,2,50
BRDA:156,5,0,0
BRDA:156,5,1,50
BRDA:162,6,0,1
BRDA:162,6,1,49
BRDA:175,7,0,14
BRDA:175,7,1,2
BRDA:175,7,2,1
BRDA:176,8,0,14
BRDA:176,8,1,1
BRDA:177,9,0,3
BRDA:177,9,1,11
BRDA:178,10,0,14
BRDA:178,10,1,1
BRDA:182,11,0,13
BRDA:182,11,1,1
BRDA:184,12,0,1
BRDA:184,12,1,0
BRDA:208,13,0,0
BRDA:212,14,0,1
BRDA:212,14,1,4
BRDA:225,15,0,0
BRDA:252,16,0,1
BRDA:252,16,1,4
BRDA:289,17,0,8
BRDA:289,17,1,6
BRDA:291,18,0,6
BRDA:291,18,1,0
BRDA:293,19,0,6
BRDA:293,19,1,0
BRDA:319,20,0,20
BRDA:319,20,1,6
BRDA:321,21,0,6
BRDA:321,21,1,0
BRDA:343,22,0,15
BRDA:343,22,1,9
BRDA:357,23,0,4
BRDA:357,23,1,3
BRDA:357,24,0,7
BRDA:357,24,1,5
BRDA:362,25,0,1
BRDA:362,25,1,2
BRDA:367,26,0,1
BRDA:367,26,1,1
BRF:53
BRH:45
end_of_record
TN:
SF:src/renderer/components/Sidebar.jsx
FN:6,(anonymous_0)
FN:21,(anonymous_1)
FNF:2
FNH:2
FNDA:4,(anonymous_0)
FNDA:2,(anonymous_1)
DA:6,1
DA:7,4
DA:22,2
LF:3
LH:3
BRDA:6,0,0,2
BRDA:17,1,0,4
BRDA:17,1,1,1
BRF:3
BRH:3
end_of_record
