TN:
SF:src/renderer/App.jsx
FN:11,App
FN:27,(anonymous_1)
FN:31,(anonymous_2)
FN:35,(anonymous_3)
FN:39,(anonymous_4)
FN:43,(anonymous_5)
FNF:6
FNH:3
FNDA:12,App
FNDA:1,(anonymous_1)
FNDA:0,(anonymous_2)
FNDA:0,(anonymous_3)
FNDA:0,(anonymous_4)
FNDA:1,(anonymous_5)
DA:13,12
DA:14,12
DA:15,12
DA:16,12
DA:17,12
DA:20,12
DA:27,12
DA:28,1
DA:31,12
DA:35,12
DA:39,12
DA:40,0
DA:43,12
DA:44,1
DA:47,12
LF:15
LH:14
BRF:0
BRH:0
end_of_record
TN:
SF:src/renderer/components/MainContent.jsx
FN:9,LibraryView
FN:26,AlbumsView
FN:43,PlaylistView
FN:60,MainContent
FN:63,(anonymous_4)
FNF:5
FNH:5
FNDA:23,LibraryView
FNDA:5,AlbumsView
FNDA:5,PlaylistView
FNDA:33,MainContent
FNDA:33,(anonymous_4)
DA:10,23
DA:27,5
DA:44,5
DA:61,33
DA:63,33
DA:64,33
DA:66,23
DA:68,5
DA:70,5
DA:72,0
DA:76,33
LF:11
LH:10
BRDA:64,0,0,23
BRDA:64,0,1,5
BRDA:64,0,2,5
BRDA:64,0,3,0
BRF:4
BRH:3
end_of_record
TN:
SF:src/renderer/components/PlayerBar.jsx
FN:7,PlayerBar
FN:12,(anonymous_1)
FN:13,(anonymous_2)
FN:14,(anonymous_3)
FN:15,(anonymous_4)
FN:16,(anonymous_5)
FN:19,(anonymous_6)
FN:28,(anonymous_7)
FN:35,(anonymous_8)
FNF:9
FNH:3
FNDA:31,PlayerBar
FNDA:0,(anonymous_1)
FNDA:0,(anonymous_2)
FNDA:0,(anonymous_3)
FNDA:0,(anonymous_4)
FNDA:0,(anonymous_5)
FNDA:62,(anonymous_6)
FNDA:0,(anonymous_7)
FNDA:2,(anonymous_8)
DA:19,31
DA:20,62
DA:21,6
DA:22,6
DA:23,6
DA:26,31
DA:28,31
DA:29,0
DA:30,0
DA:31,0
DA:32,0
DA:35,31
DA:36,2
DA:39,31
LF:14
LH:10
BRDA:8,0,0,17
BRDA:9,1,0,16
BRDA:10,2,0,14
BRDA:11,3,0,14
BRDA:12,4,0,18
BRDA:13,5,0,18
BRDA:14,6,0,18
BRDA:15,7,0,19
BRDA:16,8,0,18
BRDA:17,9,0,18
BRDA:20,10,0,56
BRDA:20,10,1,6
BRDA:20,11,0,62
BRDA:20,11,1,6
BRDA:26,12,0,3
BRDA:26,12,1,28
BRDA:55,13,0,2
BRDA:55,13,1,29
BRDA:57,14,0,2
BRDA:57,14,1,29
BRDA:110,15,0,2
BRDA:110,15,1,29
BRF:22
BRH:22
end_of_record
TN:
SF:src/renderer/components/Sidebar.jsx
FN:8,(anonymous_0)
FN:21,(anonymous_1)
FN:33,(anonymous_2)
FN:47,(anonymous_3)
FN:51,(anonymous_4)
FN:54,(anonymous_5)
FNF:6
FNH:4
FNDA:50,(anonymous_0)
FNDA:0,(anonymous_1)
FNDA:1,(anonymous_2)
FNDA:75,(anonymous_3)
FNDA:8,(anonymous_4)
FNDA:0,(anonymous_5)
DA:8,3
DA:9,50
DA:11,50
DA:21,0
DA:33,1
DA:48,75
DA:51,8
DA:54,0
LF:8
LH:6
BRDA:8,0,0,10
BRDA:17,1,0,34
BRDA:17,1,1,16
BRDA:21,2,0,0
BRDA:21,2,1,0
BRDA:29,3,0,8
BRDA:29,3,1,42
BRDA:33,4,0,1
BRDA:33,4,1,1
BRDA:45,5,0,39
BRDA:45,5,1,11
BRDA:50,6,0,8
BRDA:50,6,1,67
BRDA:50,7,0,75
BRDA:50,7,1,12
BRDA:54,8,0,0
BRDA:54,8,1,0
BRF:17
BRH:13
end_of_record
TN:
SF:src/renderer/contexts/ViewContext.jsx
FN:15,ViewProvider
FN:19,(anonymous_1)
FN:24,(anonymous_2)
FN:29,(anonymous_3)
FN:49,useView
FNF:5
FNH:5
FNDA:63,ViewProvider
FNDA:4,(anonymous_1)
FNDA:11,(anonymous_2)
FNDA:10,(anonymous_3)
FNDA:99,useView
DA:7,4
DA:13,4
DA:16,63
DA:17,63
DA:19,63
DA:20,4
DA:21,4
DA:24,63
DA:25,11
DA:26,11
DA:29,63
DA:30,10
DA:31,10
DA:34,63
DA:42,63
DA:50,99
DA:51,98
DA:52,4
DA:54,94
LF:19
LH:19
BRDA:51,0,0,4
BRDA:51,0,1,94
BRF:2
BRH:2
end_of_record
